
*** Running vivado
    with args -log add3.vds -m64 -product Vivado -mode batch -messageDb vivado.pb -notrace -source add3.tcl



****** Vivado v2022.2 (64-bit)
  **** SW Build 3671981 on Fri Oct 14 05:00:03 MDT 2022
  **** IP Build 3669848 on Fri Oct 14 08:30:02 MDT 2022
    ** Copyright 1986-2022 Xilinx, Inc. All Rights Reserved.

source add3.tcl -notrace
create_project: Time (s): cpu = 00:00:02 ; elapsed = 00:00:05 . Memory (MB): peak = 1003.914 ; gain = 118.406
INFO: [IP_Flow 19-234] Refreshing IP repositories
INFO: [IP_Flow 19-1700] Loaded user IP repository 'c:/Users/janro/Pulpit/AGH_FILES/SR-2024S/lab05/hdmi_vga_zybo/vivado-library'.
INFO: [IP_Flow 19-2313] Loaded Vivado IP repository 'C:/Xilinx/Vivado/2022.2/data/ip'.
WARNING: [IP_Flow 19-4995] The host OS only allows 260 characters in a normal path. The IP cache path is more than 80 characters. If you experience issues with IP caching, please consider changing the IP cache to a location with a shorter path. Alternately consider using the OS subst command to map part of the path to a drive letter. 
Current IP cache path is c:/Users/janro/Pulpit/AGH_FILES/SR-2024S/lab07/mass_centroid/mass_centroid.cache/ip 
INFO: [IP_Flow 19-6924] IPCACHE: Running cache check for IP inst: add3
Command: synth_design -top add3 -part xc7z010clg400-1 -incremental_mode off -mode out_of_context
Starting synth_design
Attempting to get a license for feature 'Synthesis' and/or device 'xc7z010'
INFO: [Common 17-349] Got license for feature 'Synthesis' and/or device 'xc7z010'
INFO: [Device 21-403] Loading part xc7z010clg400-1
INFO: [Synth 8-7079] Multithreading enabled for synth_design using a maximum of 2 processes.
INFO: [Synth 8-7078] Launching helper process for spawning children vivado processes
INFO: [Synth 8-7075] Helper process launched with PID 9344
INFO: [Synth 8-11241] undeclared symbol 'REGCCE', assumed default net type 'wire' [C:/Xilinx/Vivado/2022.2/data/verilog/src/unimacro/BRAM_SINGLE_MACRO.v:2170]
---------------------------------------------------------------------------------
Starting RTL Elaboration : Time (s): cpu = 00:00:05 ; elapsed = 00:00:08 . Memory (MB): peak = 1828.133 ; gain = 407.445
---------------------------------------------------------------------------------
INFO: [Synth 8-638] synthesizing module 'add3' [c:/Users/janro/Pulpit/AGH_FILES/SR-2024S/lab07/mass_centroid/mass_centroid.gen/sources_1/ip/add3/synth/add3.vhd:68]
	Parameter C_VERBOSITY bound to: 0 - type: integer 
	Parameter C_XDEVICEFAMILY bound to: zynq - type: string 
	Parameter C_IMPLEMENTATION bound to: 1 - type: integer 
	Parameter C_A_WIDTH bound to: 12 - type: integer 
	Parameter C_B_WIDTH bound to: 12 - type: integer 
	Parameter C_OUT_WIDTH bound to: 12 - type: integer 
	Parameter C_CE_OVERRIDES_SCLR bound to: 0 - type: integer 
	Parameter C_A_TYPE bound to: 0 - type: integer 
	Parameter C_B_TYPE bound to: 0 - type: integer 
	Parameter C_LATENCY bound to: 2 - type: integer 
	Parameter C_ADD_MODE bound to: 0 - type: integer 
	Parameter C_B_CONSTANT bound to: 1 - type: integer 
	Parameter C_B_VALUE bound to: 000000000011 - type: string 
	Parameter C_AINIT_VAL bound to: 0 - type: string 
	Parameter C_SINIT_VAL bound to: 0 - type: string 
	Parameter C_CE_OVERRIDES_BYPASS bound to: 1 - type: integer 
	Parameter C_BYPASS_LOW bound to: 0 - type: integer 
	Parameter C_SCLR_OVERRIDES_SSET bound to: 1 - type: integer 
	Parameter C_HAS_C_IN bound to: 0 - type: integer 
	Parameter C_HAS_C_OUT bound to: 0 - type: integer 
	Parameter C_BORROW_LOW bound to: 1 - type: integer 
	Parameter C_HAS_CE bound to: 1 - type: integer 
	Parameter C_HAS_BYPASS bound to: 0 - type: integer 
	Parameter C_HAS_SCLR bound to: 0 - type: integer 
	Parameter C_HAS_SSET bound to: 0 - type: integer 
	Parameter C_HAS_SINIT bound to: 0 - type: integer 
INFO: [Synth 8-3491] module 'c_addsub_v12_0_14' declared at 'c:/Users/janro/Pulpit/AGH_FILES/SR-2024S/lab07/mass_centroid/mass_centroid.gen/sources_1/ip/add3/hdl/c_addsub_v12_0_vh_rfs.vhd:7026' bound to instance 'U0' of component 'c_addsub_v12_0_14' [c:/Users/janro/Pulpit/AGH_FILES/SR-2024S/lab07/mass_centroid/mass_centroid.gen/sources_1/ip/add3/synth/add3.vhd:133]
INFO: [Synth 8-256] done synthesizing module 'add3' (0#1) [c:/Users/janro/Pulpit/AGH_FILES/SR-2024S/lab07/mass_centroid/mass_centroid.gen/sources_1/ip/add3/synth/add3.vhd:68]
WARNING: [Synth 8-7129] Port SCLR in module xbip_pipe_v3_0_6_viv is either unconnected or has no load
WARNING: [Synth 8-7129] Port SINIT in module xbip_pipe_v3_0_6_viv is either unconnected or has no load
WARNING: [Synth 8-7129] Port CEA1 in module xbip_dsp48e1_wrapper_v3_0 is either unconnected or has no load
WARNING: [Synth 8-7129] Port CEA2 in module xbip_dsp48e1_wrapper_v3_0 is either unconnected or has no load
WARNING: [Synth 8-7129] Port CEB1 in module xbip_dsp48e1_wrapper_v3_0 is either unconnected or has no load
WARNING: [Synth 8-7129] Port CEB2 in module xbip_dsp48e1_wrapper_v3_0 is either unconnected or has no load
WARNING: [Synth 8-7129] Port CEAD in module xbip_dsp48e1_wrapper_v3_0 is either unconnected or has no load
WARNING: [Synth 8-7129] Port CED in module xbip_dsp48e1_wrapper_v3_0 is either unconnected or has no load
WARNING: [Synth 8-7129] Port CEC in module xbip_dsp48e1_wrapper_v3_0 is either unconnected or has no load
WARNING: [Synth 8-7129] Port CECARRYIN in module xbip_dsp48e1_wrapper_v3_0 is either unconnected or has no load
WARNING: [Synth 8-7129] Port CECTRL in module xbip_dsp48e1_wrapper_v3_0 is either unconnected or has no load
WARNING: [Synth 8-7129] Port CEALUMODE in module xbip_dsp48e1_wrapper_v3_0 is either unconnected or has no load
WARNING: [Synth 8-7129] Port CEINMODE in module xbip_dsp48e1_wrapper_v3_0 is either unconnected or has no load
WARNING: [Synth 8-7129] Port CEM in module xbip_dsp48e1_wrapper_v3_0 is either unconnected or has no load
WARNING: [Synth 8-7129] Port CEP in module xbip_dsp48e1_wrapper_v3_0 is either unconnected or has no load
WARNING: [Synth 8-7129] Port SCLRA in module xbip_dsp48e1_wrapper_v3_0 is either unconnected or has no load
WARNING: [Synth 8-7129] Port SCLRB in module xbip_dsp48e1_wrapper_v3_0 is either unconnected or has no load
WARNING: [Synth 8-7129] Port SCLRC in module xbip_dsp48e1_wrapper_v3_0 is either unconnected or has no load
WARNING: [Synth 8-7129] Port SCLRD in module xbip_dsp48e1_wrapper_v3_0 is either unconnected or has no load
WARNING: [Synth 8-7129] Port SCLRALLCARRYIN in module xbip_dsp48e1_wrapper_v3_0 is either unconnected or has no load
WARNING: [Synth 8-7129] Port SCLRCTRL in module xbip_dsp48e1_wrapper_v3_0 is either unconnected or has no load
WARNING: [Synth 8-7129] Port SCLRALUMODE in module xbip_dsp48e1_wrapper_v3_0 is either unconnected or has no load
WARNING: [Synth 8-7129] Port SCLRINMODE in module xbip_dsp48e1_wrapper_v3_0 is either unconnected or has no load
WARNING: [Synth 8-7129] Port SCLRM in module xbip_dsp48e1_wrapper_v3_0 is either unconnected or has no load
WARNING: [Synth 8-7129] Port SCLRP in module xbip_dsp48e1_wrapper_v3_0 is either unconnected or has no load
WARNING: [Synth 8-7129] Port B[11] in module c_addsub_v12_0_14_viv is either unconnected or has no load
WARNING: [Synth 8-7129] Port B[10] in module c_addsub_v12_0_14_viv is either unconnected or has no load
WARNING: [Synth 8-7129] Port B[9] in module c_addsub_v12_0_14_viv is either unconnected or has no load
WARNING: [Synth 8-7129] Port B[8] in module c_addsub_v12_0_14_viv is either unconnected or has no load
WARNING: [Synth 8-7129] Port B[7] in module c_addsub_v12_0_14_viv is either unconnected or has no load
WARNING: [Synth 8-7129] Port B[6] in module c_addsub_v12_0_14_viv is either unconnected or has no load
WARNING: [Synth 8-7129] Port B[5] in module c_addsub_v12_0_14_viv is either unconnected or has no load
WARNING: [Synth 8-7129] Port B[4] in module c_addsub_v12_0_14_viv is either unconnected or has no load
WARNING: [Synth 8-7129] Port B[3] in module c_addsub_v12_0_14_viv is either unconnected or has no load
WARNING: [Synth 8-7129] Port B[2] in module c_addsub_v12_0_14_viv is either unconnected or has no load
WARNING: [Synth 8-7129] Port B[1] in module c_addsub_v12_0_14_viv is either unconnected or has no load
WARNING: [Synth 8-7129] Port B[0] in module c_addsub_v12_0_14_viv is either unconnected or has no load
WARNING: [Synth 8-7129] Port C_IN in module c_addsub_v12_0_14_viv is either unconnected or has no load
WARNING: [Synth 8-7129] Port BYPASS in module c_addsub_v12_0_14_viv is either unconnected or has no load
WARNING: [Synth 8-7129] Port SCLR in module c_addsub_v12_0_14_viv is either unconnected or has no load
WARNING: [Synth 8-7129] Port SSET in module c_addsub_v12_0_14_viv is either unconnected or has no load
WARNING: [Synth 8-7129] Port SINIT in module c_addsub_v12_0_14_viv is either unconnected or has no load
---------------------------------------------------------------------------------
Finished RTL Elaboration : Time (s): cpu = 00:00:08 ; elapsed = 00:00:13 . Memory (MB): peak = 1995.035 ; gain = 574.348
---------------------------------------------------------------------------------
---------------------------------------------------------------------------------
Start Handling Custom Attributes
---------------------------------------------------------------------------------
---------------------------------------------------------------------------------
Finished Handling Custom Attributes : Time (s): cpu = 00:00:08 ; elapsed = 00:00:13 . Memory (MB): peak = 1995.035 ; gain = 574.348
---------------------------------------------------------------------------------
---------------------------------------------------------------------------------
Finished RTL Optimization Phase 1 : Time (s): cpu = 00:00:08 ; elapsed = 00:00:13 . Memory (MB): peak = 1995.035 ; gain = 574.348
---------------------------------------------------------------------------------
Netlist sorting complete. Time (s): cpu = 00:00:00 ; elapsed = 00:00:00.008 . Memory (MB): peak = 1995.035 ; gain = 0.000
INFO: [Netlist 29-17] Analyzing 1 Unisim elements for replacement
INFO: [Netlist 29-28] Unisim Transformation completed in 0 CPU seconds
INFO: [Project 1-570] Preparing netlist for logic optimization

Processing XDC Constraints
Initializing timing engine
Parsing XDC File [c:/Users/janro/Pulpit/AGH_FILES/SR-2024S/lab07/mass_centroid/mass_centroid.gen/sources_1/ip/add3/add3_ooc.xdc] for cell 'U0'
Finished Parsing XDC File [c:/Users/janro/Pulpit/AGH_FILES/SR-2024S/lab07/mass_centroid/mass_centroid.gen/sources_1/ip/add3/add3_ooc.xdc] for cell 'U0'
Parsing XDC File [C:/Users/janro/Pulpit/AGH_FILES/SR-2024S/lab07/mass_centroid/mass_centroid.runs/add3_synth_1/dont_touch.xdc]
Finished Parsing XDC File [C:/Users/janro/Pulpit/AGH_FILES/SR-2024S/lab07/mass_centroid/mass_centroid.runs/add3_synth_1/dont_touch.xdc]
Completed Processing XDC Constraints

Netlist sorting complete. Time (s): cpu = 00:00:00 ; elapsed = 00:00:00 . Memory (MB): peak = 1995.035 ; gain = 0.000
INFO: [Project 1-111] Unisim Transformation Summary:
No Unisim elements were transformed.

Constraint Validation Runtime : Time (s): cpu = 00:00:00 ; elapsed = 00:00:00.033 . Memory (MB): peak = 1995.035 ; gain = 0.000
INFO: [Designutils 20-5008] Incremental synthesis strategy off
INFO: [Synth 8-11241] undeclared symbol 'REGCCE', assumed default net type 'wire' [C:/Xilinx/Vivado/2022.2/data/verilog/src/unimacro/BRAM_SINGLE_MACRO.v:2170]
---------------------------------------------------------------------------------
Finished Constraint Validation : Time (s): cpu = 00:00:13 ; elapsed = 00:00:21 . Memory (MB): peak = 1995.035 ; gain = 574.348
---------------------------------------------------------------------------------
---------------------------------------------------------------------------------
Start Loading Part and Timing Information
---------------------------------------------------------------------------------
Loading part: xc7z010clg400-1
---------------------------------------------------------------------------------
Finished Loading Part and Timing Information : Time (s): cpu = 00:00:13 ; elapsed = 00:00:21 . Memory (MB): peak = 1995.035 ; gain = 574.348
---------------------------------------------------------------------------------
---------------------------------------------------------------------------------
Start Applying 'set_property' XDC Constraints
---------------------------------------------------------------------------------
Applied set_property KEEP_HIERARCHY = SOFT for U0. (constraint file  C:/Users/janro/Pulpit/AGH_FILES/SR-2024S/lab07/mass_centroid/mass_centroid.runs/add3_synth_1/dont_touch.xdc, line 9).
---------------------------------------------------------------------------------
Finished applying 'set_property' XDC Constraints : Time (s): cpu = 00:00:13 ; elapsed = 00:00:21 . Memory (MB): peak = 1995.035 ; gain = 574.348
---------------------------------------------------------------------------------
---------------------------------------------------------------------------------
Finished RTL Optimization Phase 2 : Time (s): cpu = 00:00:13 ; elapsed = 00:00:21 . Memory (MB): peak = 1995.035 ; gain = 574.348
---------------------------------------------------------------------------------
---------------------------------------------------------------------------------
Start RTL Component Statistics 
---------------------------------------------------------------------------------
---------------------------------------------------------------------------------
Finished RTL Component Statistics 
---------------------------------------------------------------------------------
---------------------------------------------------------------------------------
Start Part Resource Summary
---------------------------------------------------------------------------------
Part Resources:
DSPs: 80 (col length:40)
BRAMs: 120 (col length: RAMB18 40 RAMB36 20)
---------------------------------------------------------------------------------
Finished Part Resource Summary
---------------------------------------------------------------------------------
---------------------------------------------------------------------------------
Start Cross Boundary and Area Optimization
---------------------------------------------------------------------------------
WARNING: [Synth 8-7080] Parallel synthesis criteria is not met
WARNING: [Synth 8-7129] Port B[11] in module c_addsub_v12_0_14_viv is either unconnected or has no load
WARNING: [Synth 8-7129] Port B[10] in module c_addsub_v12_0_14_viv is either unconnected or has no load
WARNING: [Synth 8-7129] Port B[9] in module c_addsub_v12_0_14_viv is either unconnected or has no load
WARNING: [Synth 8-7129] Port B[8] in module c_addsub_v12_0_14_viv is either unconnected or has no load
WARNING: [Synth 8-7129] Port B[7] in module c_addsub_v12_0_14_viv is either unconnected or has no load
WARNING: [Synth 8-7129] Port B[6] in module c_addsub_v12_0_14_viv is either unconnected or has no load
WARNING: [Synth 8-7129] Port B[5] in module c_addsub_v12_0_14_viv is either unconnected or has no load
WARNING: [Synth 8-7129] Port B[4] in module c_addsub_v12_0_14_viv is either unconnected or has no load
WARNING: [Synth 8-7129] Port B[3] in module c_addsub_v12_0_14_viv is either unconnected or has no load
WARNING: [Synth 8-7129] Port B[2] in module c_addsub_v12_0_14_viv is either unconnected or has no load
WARNING: [Synth 8-7129] Port B[1] in module c_addsub_v12_0_14_viv is either unconnected or has no load
WARNING: [Synth 8-7129] Port B[0] in module c_addsub_v12_0_14_viv is either unconnected or has no load
WARNING: [Synth 8-7129] Port C_IN in module c_addsub_v12_0_14_viv is either unconnected or has no load
WARNING: [Synth 8-7129] Port BYPASS in module c_addsub_v12_0_14_viv is either unconnected or has no load
WARNING: [Synth 8-7129] Port SCLR in module c_addsub_v12_0_14_viv is either unconnected or has no load
WARNING: [Synth 8-7129] Port SSET in module c_addsub_v12_0_14_viv is either unconnected or has no load
WARNING: [Synth 8-7129] Port SINIT in module c_addsub_v12_0_14_viv is either unconnected or has no load
---------------------------------------------------------------------------------
Finished Cross Boundary and Area Optimization : Time (s): cpu = 00:00:14 ; elapsed = 00:00:23 . Memory (MB): peak = 1995.035 ; gain = 574.348
---------------------------------------------------------------------------------
---------------------------------------------------------------------------------
Start Applying XDC Timing Constraints
---------------------------------------------------------------------------------
---------------------------------------------------------------------------------
Finished Applying XDC Timing Constraints : Time (s): cpu = 00:00:19 ; elapsed = 00:00:32 . Memory (MB): peak = 1995.035 ; gain = 574.348
---------------------------------------------------------------------------------
---------------------------------------------------------------------------------
Start Timing Optimization
---------------------------------------------------------------------------------
---------------------------------------------------------------------------------
Finished Timing Optimization : Time (s): cpu = 00:00:19 ; elapsed = 00:00:32 . Memory (MB): peak = 1995.035 ; gain = 574.348
---------------------------------------------------------------------------------
---------------------------------------------------------------------------------
Start Technology Mapping
---------------------------------------------------------------------------------
---------------------------------------------------------------------------------
Finished Technology Mapping : Time (s): cpu = 00:00:19 ; elapsed = 00:00:32 . Memory (MB): peak = 1995.035 ; gain = 574.348
---------------------------------------------------------------------------------
---------------------------------------------------------------------------------
Start IO Insertion
---------------------------------------------------------------------------------
---------------------------------------------------------------------------------
Start Flattening Before IO Insertion
---------------------------------------------------------------------------------
---------------------------------------------------------------------------------
Finished Flattening Before IO Insertion
---------------------------------------------------------------------------------
---------------------------------------------------------------------------------
Start Final Netlist Cleanup
---------------------------------------------------------------------------------
---------------------------------------------------------------------------------
Finished Final Netlist Cleanup
---------------------------------------------------------------------------------
---------------------------------------------------------------------------------
Finished IO Insertion : Time (s): cpu = 00:00:21 ; elapsed = 00:00:37 . Memory (MB): peak = 1995.035 ; gain = 574.348
---------------------------------------------------------------------------------
---------------------------------------------------------------------------------
Start Renaming Generated Instances
---------------------------------------------------------------------------------
---------------------------------------------------------------------------------
Finished Renaming Generated Instances : Time (s): cpu = 00:00:21 ; elapsed = 00:00:37 . Memory (MB): peak = 1995.035 ; gain = 574.348
---------------------------------------------------------------------------------
---------------------------------------------------------------------------------
Start Rebuilding User Hierarchy
---------------------------------------------------------------------------------
---------------------------------------------------------------------------------
Finished Rebuilding User Hierarchy : Time (s): cpu = 00:00:21 ; elapsed = 00:00:37 . Memory (MB): peak = 1995.035 ; gain = 574.348
---------------------------------------------------------------------------------
---------------------------------------------------------------------------------
Start Renaming Generated Ports
---------------------------------------------------------------------------------
---------------------------------------------------------------------------------
Finished Renaming Generated Ports : Time (s): cpu = 00:00:21 ; elapsed = 00:00:37 . Memory (MB): peak = 1995.035 ; gain = 574.348
---------------------------------------------------------------------------------
---------------------------------------------------------------------------------
Start Handling Custom Attributes
---------------------------------------------------------------------------------
---------------------------------------------------------------------------------
Finished Handling Custom Attributes : Time (s): cpu = 00:00:21 ; elapsed = 00:00:37 . Memory (MB): peak = 1995.035 ; gain = 574.348
---------------------------------------------------------------------------------
---------------------------------------------------------------------------------
Start Renaming Generated Nets
---------------------------------------------------------------------------------
---------------------------------------------------------------------------------
Finished Renaming Generated Nets : Time (s): cpu = 00:00:21 ; elapsed = 00:00:37 . Memory (MB): peak = 1995.035 ; gain = 574.348
---------------------------------------------------------------------------------
---------------------------------------------------------------------------------
Start Writing Synthesis Report
---------------------------------------------------------------------------------

DSP Final Report (the ' indicates corresponding REG is set)
+--------------------------+-------------+--------+--------+--------+--------+--------+------+------+------+------+-------+------+------+
|Module Name               | DSP Mapping | A Size | B Size | C Size | D Size | P Size | AREG | BREG | CREG | DREG | ADREG | MREG | PREG | 
+--------------------------+-------------+--------+--------+--------+--------+--------+------+------+------+------+-------+------+------+
|xbip_dsp48e1_wrapper_v3_0 | (C'+A':B')' | 0      | 2      | 48     | -      | 48     | 1    | 1    | 1    | -    | -     | 0    | 1    | 
+--------------------------+-------------+--------+--------+--------+--------+--------+------+------+------+------+-------+------+------+


Report BlackBoxes: 
+-+--------------+----------+
| |BlackBox name |Instances |
+-+--------------+----------+
+-+--------------+----------+

Report Cell Usage: 
+------+--------+------+
|      |Cell    |Count |
+------+--------+------+
|1     |DSP48E1 |     1|
|2     |LUT3    |     1|
|3     |FDRE    |     1|
+------+--------+------+
---------------------------------------------------------------------------------
Finished Writing Synthesis Report : Time (s): cpu = 00:00:21 ; elapsed = 00:00:37 . Memory (MB): peak = 1995.035 ; gain = 574.348
---------------------------------------------------------------------------------
Synthesis finished with 0 errors, 0 critical warnings and 18 warnings.
Synthesis Optimization Runtime : Time (s): cpu = 00:00:12 ; elapsed = 00:00:35 . Memory (MB): peak = 1995.035 ; gain = 574.348
Synthesis Optimization Complete : Time (s): cpu = 00:00:21 ; elapsed = 00:00:37 . Memory (MB): peak = 1995.035 ; gain = 574.348
INFO: [Project 1-571] Translating synthesized netlist
Netlist sorting complete. Time (s): cpu = 00:00:00 ; elapsed = 00:00:00.001 . Memory (MB): peak = 1995.035 ; gain = 0.000
INFO: [Netlist 29-17] Analyzing 1 Unisim elements for replacement
INFO: [Netlist 29-28] Unisim Transformation completed in 0 CPU seconds
INFO: [Project 1-570] Preparing netlist for logic optimization
INFO: [Opt 31-138] Pushed 0 inverter(s) to 0 load pin(s).
Netlist sorting complete. Time (s): cpu = 00:00:00 ; elapsed = 00:00:00 . Memory (MB): peak = 1995.035 ; gain = 0.000
INFO: [Project 1-111] Unisim Transformation Summary:
No Unisim elements were transformed.

Synth Design complete, checksum: a44ae5b8
INFO: [Common 17-83] Releasing license: Synthesis
26 Infos, 61 Warnings, 0 Critical Warnings and 0 Errors encountered.
synth_design completed successfully
synth_design: Time (s): cpu = 00:00:24 ; elapsed = 00:00:43 . Memory (MB): peak = 1995.035 ; gain = 948.957
INFO: [Common 17-1381] The checkpoint 'C:/Users/janro/Pulpit/AGH_FILES/SR-2024S/lab07/mass_centroid/mass_centroid.runs/add3_synth_1/add3.dcp' has been generated.
INFO: [Coretcl 2-1648] Added synthesis output to IP cache for IP add3, cache-ID = 58f013dd6f4533cf
INFO: [Coretcl 2-1174] Renamed 7 cell refs.
INFO: [Common 17-1381] The checkpoint 'C:/Users/janro/Pulpit/AGH_FILES/SR-2024S/lab07/mass_centroid/mass_centroid.runs/add3_synth_1/add3.dcp' has been generated.
INFO: [runtcl-4] Executing : report_utilization -file add3_utilization_synth.rpt -pb add3_utilization_synth.pb
INFO: [Common 17-206] Exiting Vivado at Sat May  4 20:23:18 2024...
