#-----------------------------------------------------------
# Vivado v2022.2 (64-bit)
# SW Build 3671981 on Fri Oct 14 05:00:03 MDT 2022
# IP Build 3669848 on Fri Oct 14 08:30:02 MDT 2022
# Start of session at: Wed May  8 23:49:47 2024
# Process ID: 4328
# Current directory: C:/Users/USER/Desktop/SR/project copy/hdmi_vga_zybo_tor_dziala/hdmi_vga_zybo
# Command line: vivado.exe -gui_launcher_event rodinguilauncherevent5208 C:\Users\USER\Desktop\SR\project copy\hdmi_vga_zybo_tor_dziala\hdmi_vga_zybo\hdmi_vga_zybo.xpr
# Log file: C:/Users/USER/Desktop/SR/project copy/hdmi_vga_zybo_tor_dziala/hdmi_vga_zybo/vivado.log
# Journal file: C:/Users/USER/Desktop/SR/project copy/hdmi_vga_zybo_tor_dziala/hdmi_vga_zybo\vivado.jou
# Running On: DESKTOP-1I6S9IF, OS: Windows, CPU Frequency: 1190 MHz, CPU Physical cores: 4, Host memory: 8361 MB
#-----------------------------------------------------------
start_gui
open_project {C:/Users/USER/Desktop/SR/project copy/hdmi_vga_zybo_tor_dziala/hdmi_vga_zybo/hdmi_vga_zybo.xpr}
WARNING: [Board 49-26] cannot add Board Part xilinx.com:kc705:part0:1.6 available at C:/Xilinx/Vivado/2022.2/data/xhub/boards/XilinxBoardStore/boards/Xilinx/kc705/1.6/board.xml as part xc7k325tffg900-2 specified in board_part file is either invalid or not available
WARNING: [Board 49-26] cannot add Board Part xilinx.com:kcu105:part0:1.6 available at C:/Xilinx/Vivado/2022.2/data/xhub/boards/XilinxBoardStore/boards/Xilinx/kcu105/1.6/board.xml as part xcku040-ffva1156-2-e specified in board_part file is either invalid or not available
WARNING: [Board 49-26] cannot add Board Part xilinx.com:kcu105:part0:1.7 available at C:/Xilinx/Vivado/2022.2/data/xhub/boards/XilinxBoardStore/boards/Xilinx/kcu105/1.7/board.xml as part xcku040-ffva1156-2-e specified in board_part file is either invalid or not available
WARNING: [Board 49-26] cannot add Board Part xilinx.com:kcu1500:part0:1.2 available at C:/Xilinx/Vivado/2022.2/data/xhub/boards/XilinxBoardStore/boards/Xilinx/kcu1500/1.2/board.xml as part xcku115-flvb2104-2-e specified in board_part file is either invalid or not available
WARNING: [Board 49-26] cannot add Board Part xilinx.com:vc707:part0:1.4 available at C:/Xilinx/Vivado/2022.2/data/xhub/boards/XilinxBoardStore/boards/Xilinx/vc707/1.4/board.xml as part xc7vx485tffg1761-2 specified in board_part file is either invalid or not available
WARNING: [Board 49-26] cannot add Board Part xilinx.com:vc709:part0:1.8 available at C:/Xilinx/Vivado/2022.2/data/xhub/boards/XilinxBoardStore/boards/Xilinx/vc709/1.8/board.xml as part xc7vx690tffg1761-2 specified in board_part file is either invalid or not available
WARNING: [Board 49-26] cannot add Board Part xilinx.com:vck190:part0:2.2 available at C:/Xilinx/Vivado/2022.2/data/xhub/boards/XilinxBoardStore/boards/Xilinx/vck190/production/2.2/board.xml as part xcvc1902-vsva2197-2mp-e-s specified in board_part file is either invalid or not available
WARNING: [Board 49-26] cannot add Board Part xilinx.com:vck190:part0:3.0 available at C:/Xilinx/Vivado/2022.2/data/xhub/boards/XilinxBoardStore/boards/Xilinx/vck190/production/3.0/board.xml as part xcvc1902-vsva2197-2mp-e-s specified in board_part file is either invalid or not available
WARNING: [Board 49-26] cannot add Board Part xilinx.com:vck190:part0:3.1 available at C:/Xilinx/Vivado/2022.2/data/xhub/boards/XilinxBoardStore/boards/Xilinx/vck190/production/3.1/board.xml as part xcvc1902-vsva2197-2mp-e-s specified in board_part file is either invalid or not available
WARNING: [Board 49-26] cannot add Board Part xilinx.com:vck190_newl:part0:1.0 available at C:/Xilinx/Vivado/2022.2/data/xhub/boards/XilinxBoardStore/boards/Xilinx/vck190_newl/production/1.0/board.xml as part xcvc1902-vsva2197-2mp-e-s specified in board_part file is either invalid or not available
WARNING: [Board 49-26] cannot add Board Part xilinx.com:vcu108:part0:1.6 available at C:/Xilinx/Vivado/2022.2/data/xhub/boards/XilinxBoardStore/boards/Xilinx/vcu108/1.6/board.xml as part xcvu095-ffva2104-2-e specified in board_part file is either invalid or not available
WARNING: [Board 49-26] cannot add Board Part xilinx.com:vcu108:part0:1.7 available at C:/Xilinx/Vivado/2022.2/data/xhub/boards/XilinxBoardStore/boards/Xilinx/vcu108/1.7/board.xml as part xcvu095-ffva2104-2-e specified in board_part file is either invalid or not available
WARNING: [Board 49-26] cannot add Board Part xilinx.com:vcu110:part0:1.4 available at C:/Xilinx/Vivado/2022.2/data/xhub/boards/XilinxBoardStore/boards/Xilinx/vcu110/1.4/board.xml as part xcvu190-flgc2104-2-e specified in board_part file is either invalid or not available
WARNING: [Board 49-26] cannot add Board Part xilinx.com:vcu118:part0:2.0 available at C:/Xilinx/Vivado/2022.2/data/xhub/boards/XilinxBoardStore/boards/Xilinx/vcu118/2.0/board.xml as part xcvu9p-flga2104-2l-e specified in board_part file is either invalid or not available
WARNING: [Board 49-26] cannot add Board Part xilinx.com:vcu118:part0:2.3 available at C:/Xilinx/Vivado/2022.2/data/xhub/boards/XilinxBoardStore/boards/Xilinx/vcu118/2.3/board.xml as part xcvu9p-flga2104-2l-e specified in board_part file is either invalid or not available
WARNING: [Board 49-26] cannot add Board Part xilinx.com:vcu118:part0:2.4 available at C:/Xilinx/Vivado/2022.2/data/xhub/boards/XilinxBoardStore/boards/Xilinx/vcu118/2.4/board.xml as part xcvu9p-flga2104-2l-e specified in board_part file is either invalid or not available
WARNING: [Board 49-26] cannot add Board Part xilinx.com:vcu128:part0:1.0 available at C:/Xilinx/Vivado/2022.2/data/xhub/boards/XilinxBoardStore/boards/Xilinx/vcu128/production/1.0/board.xml as part xcvu37p-fsvh2892-2l-e specified in board_part file is either invalid or not available
WARNING: [Board 49-26] cannot add Board Part xilinx.com:vcu129:part0:1.0 available at C:/Xilinx/Vivado/2022.2/data/xhub/boards/XilinxBoardStore/boards/Xilinx/vcu129/production/1.0/board.xml as part xcvu29p-fsga2577-2l-e specified in board_part file is either invalid or not available
WARNING: [Board 49-26] cannot add Board Part xilinx.com:vcu1525:part0:1.3 available at C:/Xilinx/Vivado/2022.2/data/xhub/boards/XilinxBoardStore/boards/Xilinx/vcu1525/1.3/board.xml as part xcvu9p-fsgd2104-2l-e specified in board_part file is either invalid or not available
WARNING: [Board 49-26] cannot add Board Part xilinx.com:vek280_es:part0:1.0 available at C:/Xilinx/Vivado/2022.2/data/xhub/boards/XilinxBoardStore/boards/Xilinx/vek280/es/1.0/board.xml as part xcve2802-vsvh1760-2lp-e-s-es1 specified in board_part file is either invalid or not available
WARNING: [Board 49-26] cannot add Board Part xilinx.com:vermeo_t1_mpsoc:part0:1.0 available at C:/Xilinx/Vivado/2022.2/data/xhub/boards/XilinxBoardStore/boards/Xilinx/vermeo_t1_mpsoc/1.0/board.xml as part xczu19eg-ffvd1760-2l-e specified in board_part file is either invalid or not available
WARNING: [Board 49-26] cannot add Board Part xilinx.com:vermeo_t1_rfsoc:part0:1.0 available at C:/Xilinx/Vivado/2022.2/data/xhub/boards/XilinxBoardStore/boards/Xilinx/vermeo_t1_rfsoc/1.0/board.xml as part xczu21dr-ffvd1156-2l-e specified in board_part file is either invalid or not available
WARNING: [Board 49-26] cannot add Board Part xilinx.com:vhk158_es:part0:1.0 available at C:/Xilinx/Vivado/2022.2/data/xhub/boards/XilinxBoardStore/boards/Xilinx/vhk158/es/1.0/board.xml as part xcvh1582-vsva3697-2mp-e-s-es1 specified in board_part file is either invalid or not available
WARNING: [Board 49-26] cannot add Board Part xilinx.com:vmk180:part0:2.2 available at C:/Xilinx/Vivado/2022.2/data/xhub/boards/XilinxBoardStore/boards/Xilinx/vmk180/production/2.2/board.xml as part xcvm1802-vsva2197-2mp-e-s specified in board_part file is either invalid or not available
WARNING: [Board 49-26] cannot add Board Part xilinx.com:vmk180:part0:3.0 available at C:/Xilinx/Vivado/2022.2/data/xhub/boards/XilinxBoardStore/boards/Xilinx/vmk180/production/3.0/board.xml as part xcvm1802-vsva2197-2mp-e-s specified in board_part file is either invalid or not available
WARNING: [Board 49-26] cannot add Board Part xilinx.com:vmk180:part0:3.1 available at C:/Xilinx/Vivado/2022.2/data/xhub/boards/XilinxBoardStore/boards/Xilinx/vmk180/production/3.1/board.xml as part xcvm1802-vsva2197-2mp-e-s specified in board_part file is either invalid or not available
WARNING: [Board 49-26] cannot add Board Part xilinx.com:vmk180_newl:part0:1.0 available at C:/Xilinx/Vivado/2022.2/data/xhub/boards/XilinxBoardStore/boards/Xilinx/vmk180_newl/production/1.0/board.xml as part xcvm1802-vsva2197-2mp-e-s specified in board_part file is either invalid or not available
WARNING: [Board 49-26] cannot add Board Part xilinx.com:vpk120:part0:1.0 available at C:/Xilinx/Vivado/2022.2/data/xhub/boards/XilinxBoardStore/boards/Xilinx/vpk120/production/1.0/board.xml as part xcvp1202-vsva2785-2mp-e-s specified in board_part file is either invalid or not available
WARNING: [Board 49-26] cannot add Board Part xilinx.com:vpk120_es:part0:1.2 available at C:/Xilinx/Vivado/2022.2/data/xhub/boards/XilinxBoardStore/boards/Xilinx/vpk120/es/1.2/board.xml as part xcvp1202-vsva2785-2mp-e-s-es1 specified in board_part file is either invalid or not available
WARNING: [Board 49-26] cannot add Board Part xilinx.com:vpk120_es_revb:part0:1.0 available at C:/Xilinx/Vivado/2022.2/data/xhub/boards/XilinxBoardStore/boards/Xilinx/vpk120_revb/es/1.0/board.xml as part xcvp1202-vsva2785-2mp-e-s-es1 specified in board_part file is either invalid or not available
WARNING: [Board 49-26] cannot add Board Part xilinx.com:vpk180_es:part0:1.0 available at C:/Xilinx/Vivado/2022.2/data/xhub/boards/XilinxBoardStore/boards/Xilinx/vpk180/es/1.0/board.xml as part xcvp1802-lsvc4072-2mp-e-s-es1 specified in board_part file is either invalid or not available
WARNING: [Board 49-26] cannot add Board Part xilinx.com:zc706:part0:1.4 available at C:/Xilinx/Vivado/2022.2/data/xhub/boards/XilinxBoardStore/boards/Xilinx/zc706/1.4/board.xml as part xc7z045ffg900-2 specified in board_part file is either invalid or not available
WARNING: [Board 49-26] cannot add Board Part xilinx.com:zcu102:part0:3.3 available at C:/Xilinx/Vivado/2022.2/data/xhub/boards/XilinxBoardStore/boards/Xilinx/zcu102/3.3/board.xml as part xczu9eg-ffvb1156-2-e specified in board_part file is either invalid or not available
WARNING: [Board 49-26] cannot add Board Part xilinx.com:zcu102:part0:3.4 available at C:/Xilinx/Vivado/2022.2/data/xhub/boards/XilinxBoardStore/boards/Xilinx/zcu102/3.4/board.xml as part xczu9eg-ffvb1156-2-e specified in board_part file is either invalid or not available
WARNING: [Board 49-26] cannot add Board Part xilinx.com:zcu111:part0:1.2 available at C:/Xilinx/Vivado/2022.2/data/xhub/boards/XilinxBoardStore/boards/Xilinx/zcu111/1.2/board.xml as part xczu28dr-ffvg1517-2-e specified in board_part file is either invalid or not available
WARNING: [Board 49-26] cannot add Board Part xilinx.com:zcu111:part0:1.3 available at C:/Xilinx/Vivado/2022.2/data/xhub/boards/XilinxBoardStore/boards/Xilinx/zcu111/1.3/board.xml as part xczu28dr-ffvg1517-2-e specified in board_part file is either invalid or not available
WARNING: [Board 49-26] cannot add Board Part xilinx.com:zcu111:part0:1.4 available at C:/Xilinx/Vivado/2022.2/data/xhub/boards/XilinxBoardStore/boards/Xilinx/zcu111/1.4/board.xml as part xczu28dr-ffvg1517-2-e specified in board_part file is either invalid or not available
WARNING: [Board 49-26] cannot add Board Part xilinx.com:zcu1275:part0:1.0 available at C:/Xilinx/Vivado/2022.2/data/xhub/boards/XilinxBoardStore/boards/Xilinx/zcu1275/1.0/board.xml as part xczu29dr-ffvf1760-2-e specified in board_part file is either invalid or not available
WARNING: [Board 49-26] cannot add Board Part xilinx.com:zcu1285:part0:1.0 available at C:/Xilinx/Vivado/2022.2/data/xhub/boards/XilinxBoardStore/boards/Xilinx/zcu1285/1.0/board.xml as part xczu39dr-ffvf1760-2-i specified in board_part file is either invalid or not available
WARNING: [Board 49-26] cannot add Board Part xilinx.com:zcu208:part0:2.0 available at C:/Xilinx/Vivado/2022.2/data/xhub/boards/XilinxBoardStore/boards/Xilinx/zcu208/production/2.0/board.xml as part xczu48dr-fsvg1517-2-e specified in board_part file is either invalid or not available
WARNING: [Board 49-26] cannot add Board Part xilinx.com:zcu208ld:part0:2.0 available at C:/Xilinx/Vivado/2022.2/data/xhub/boards/XilinxBoardStore/boards/Xilinx/zcu208ld/production/2.0/board.xml as part xczu58dr-fsvg1517-2-i specified in board_part file is either invalid or not available
WARNING: [Board 49-26] cannot add Board Part xilinx.com:zcu216:part0:2.0 available at C:/Xilinx/Vivado/2022.2/data/xhub/boards/XilinxBoardStore/boards/Xilinx/zcu216/production/2.0/board.xml as part xczu49dr-ffvf1760-2-e specified in board_part file is either invalid or not available
WARNING: [Board 49-26] cannot add Board Part xilinx.com:zcu216ld:part0:2.0 available at C:/Xilinx/Vivado/2022.2/data/xhub/boards/XilinxBoardStore/boards/Xilinx/zcu216ld/production/2.0/board.xml as part xczu59dr-ffvf1760-2-i specified in board_part file is either invalid or not available
WARNING: [Board 49-26] cannot add Board Part xilinx.com:zcu670:part0:2.0 available at C:/Xilinx/Vivado/2022.2/data/xhub/boards/XilinxBoardStore/boards/Xilinx/zcu670/2.0/board.xml as part xczu67dr-fsve1156-2-i specified in board_part file is either invalid or not available
WARNING: [Board 49-26] cannot add Board Part xilinx.com:zcu670ld:part0:1.0 available at C:/Xilinx/Vivado/2022.2/data/xhub/boards/XilinxBoardStore/boards/Xilinx/zcu670ld/1.0/board.xml as part xczu57dr-fsve1156-2-i specified in board_part file is either invalid or not available
INFO: [Project 1-313] Project file moved from 'C:/Users/USER/Desktop/SR/hdmi_vga_zybo' since last save.
INFO: [filemgmt 56-1] Board Part Repository Path: Directory not found as 'C:/Users/USER/Desktop/SR/AppData/Roaming/Xilinx/Vivado/2022.2/xhub/board_store/xilinx_board_store'; using path 'C:/Users/USER/AppData/Roaming/Xilinx/Vivado/2022.2/xhub/board_store/xilinx_board_store' instead.
INFO: [filemgmt 56-1] IP Repository Path: Directory not found as 'C:/Users/USER/Desktop/SR/project copy/hdmi_vga_zybo_tor_dziala/vivado-library'; using path 'C:/Users/USER/Desktop/SR/vivado-library' instead.
WARNING: [Project 1-312] File not found as 'C:/Users/USER/Desktop/SR/project copy/hdmi_vga_zybo_tor_dziala/tor_wizyjny/hdmi_vga_zybo_src/hdmi_vga_zybo_src/lut.coe'; using path 'C:/Users/USER/Desktop/SR/tor_wizyjny/hdmi_vga_zybo_src/hdmi_vga_zybo_src/lut.coe' instead.
Scanning sources...
Finished scanning sources
WARNING: [Project 1-312] File not found as 'C:/Users/USER/Desktop/SR/project copy/hdmi_vga_zybo_tor_dziala/tor_wizyjny/hdmi_vga_zybo_src/hdmi_vga_zybo_src/lut.coe'; using path 'C:/Users/USER/Desktop/SR/tor_wizyjny/hdmi_vga_zybo_src/hdmi_vga_zybo_src/lut.coe' instead.
WARNING: [Project 1-312] File not found as 'C:/Users/USER/Desktop/SR/project copy/hdmi_vga_zybo_tor_dziala/tor_wizyjny/hdmi_vga_zybo_src/hdmi_vga_zybo_src/lut.coe'; using path 'C:/Users/USER/Desktop/SR/tor_wizyjny/hdmi_vga_zybo_src/hdmi_vga_zybo_src/lut.coe' instead.
WARNING: [Board 49-151] The current board 'digilentinc.com::zybo:1.0' is from a local repo. The vivado install has a corresponding board with version greater than or equal to the local repo board. Please use boards from vivado install to avoid any upgrade/migrate issues
INFO: [IP_Flow 19-234] Refreshing IP repositories
INFO: [IP_Flow 19-1700] Loaded user IP repository 'c:/Users/USER/Desktop/SR/vivado-library'.
INFO: [IP_Flow 19-2313] Loaded Vivado IP repository 'C:/Xilinx/Vivado/2022.2/data/ip'.
open_project: Time (s): cpu = 00:00:56 ; elapsed = 00:00:29 . Memory (MB): peak = 1180.254 ; gain = 388.688
update_compile_order -fileset sources_1
create_ip -name dist_mem_gen -vendor xilinx.com -library ip -version 8.0 -module_name LUT
set_property -dict [list \
  CONFIG.Component_Name {LUT} \
  CONFIG.coefficient_file {C:/Users/USER/Desktop/SR/tor_wizyjny/hdmi_vga_zybo_src/hdmi_vga_zybo_src/lut.coe} \
  CONFIG.data_width {8} \
  CONFIG.depth {256} \
  CONFIG.memory_type {rom} \
  CONFIG.output_options {registered} \
] [get_ips LUT]
WARNING: [Vivado 12-3523] Attempt to change 'Component_Name' from 'LUT' to 'LUT' is not allowed and is ignored.
INFO: [IP_Flow 19-3484] Absolute path of file 'c:/Users/USER/Desktop/SR/tor_wizyjny/hdmi_vga_zybo_src/hdmi_vga_zybo_src/lut.coe' provided. It will be converted relative to IP Instance files '../../../../../../../tor_wizyjny/hdmi_vga_zybo_src/hdmi_vga_zybo_src/lut.coe'
generate_target {instantiation_template} [get_files {{c:/Users/USER/Desktop/SR/project copy/hdmi_vga_zybo_tor_dziala/hdmi_vga_zybo/hdmi_vga_zybo.srcs/sources_1/ip/LUT/LUT.xci}}]
INFO: [IP_Flow 19-1686] Generating 'Instantiation Template' target for IP 'LUT'...
update_compile_order -fileset sources_1
set_property generate_synth_checkpoint false [get_files  {{c:/Users/USER/Desktop/SR/project copy/hdmi_vga_zybo_tor_dziala/hdmi_vga_zybo/hdmi_vga_zybo.srcs/sources_1/ip/LUT/LUT.xci}}]
generate_target all [get_files  {{c:/Users/USER/Desktop/SR/project copy/hdmi_vga_zybo_tor_dziala/hdmi_vga_zybo/hdmi_vga_zybo.srcs/sources_1/ip/LUT/LUT.xci}}]
INFO: [IP_Flow 19-1686] Generating 'Instantiation Template' target for IP 'LUT'...
INFO: [IP_Flow 19-1686] Generating 'Synthesis' target for IP 'LUT'...
INFO: [IP_Flow 19-1686] Generating 'Simulation' target for IP 'LUT'...
INFO: [IP_Flow 19-1686] Generating 'Change Log' target for IP 'LUT'...
export_ip_user_files -of_objects [get_files {{c:/Users/USER/Desktop/SR/project copy/hdmi_vga_zybo_tor_dziala/hdmi_vga_zybo/hdmi_vga_zybo.srcs/sources_1/ip/LUT/LUT.xci}}] -no_script -sync -force -quiet
export_simulation -of_objects [get_files {{c:/Users/USER/Desktop/SR/project copy/hdmi_vga_zybo_tor_dziala/hdmi_vga_zybo/hdmi_vga_zybo.srcs/sources_1/ip/LUT/LUT.xci}}] -directory {C:/Users/USER/Desktop/SR/project copy/hdmi_vga_zybo_tor_dziala/hdmi_vga_zybo/hdmi_vga_zybo.ip_user_files/sim_scripts} -ip_user_files_dir {C:/Users/USER/Desktop/SR/project copy/hdmi_vga_zybo_tor_dziala/hdmi_vga_zybo/hdmi_vga_zybo.ip_user_files} -ipstatic_source_dir {C:/Users/USER/Desktop/SR/project copy/hdmi_vga_zybo_tor_dziala/hdmi_vga_zybo/hdmi_vga_zybo.ip_user_files/ipstatic} -lib_map_path [list {modelsim=C:/Users/USER/Desktop/SR/project copy/hdmi_vga_zybo_tor_dziala/hdmi_vga_zybo/hdmi_vga_zybo.cache/compile_simlib/modelsim} {questa=C:/Users/USER/Desktop/SR/project copy/hdmi_vga_zybo_tor_dziala/hdmi_vga_zybo/hdmi_vga_zybo.cache/compile_simlib/questa} {riviera=C:/Users/USER/Desktop/SR/project copy/hdmi_vga_zybo_tor_dziala/hdmi_vga_zybo/hdmi_vga_zybo.cache/compile_simlib/riviera} {activehdl=C:/Users/USER/Desktop/SR/project copy/hdmi_vga_zybo_tor_dziala/hdmi_vga_zybo/hdmi_vga_zybo.cache/compile_simlib/activehdl}] -use_ip_compiled_libs -force -quiet
reset_run synth_1
INFO: [Project 1-1160] Copying file C:/Users/USER/Desktop/SR/project copy/hdmi_vga_zybo_tor_dziala/hdmi_vga_zybo/hdmi_vga_zybo.runs/synth_1/hdmi_vga_wrapper.dcp to C:/Users/USER/Desktop/SR/project copy/hdmi_vga_zybo_tor_dziala/hdmi_vga_zybo/hdmi_vga_zybo.srcs/utils_1/imports/synth_1 and adding it to utils fileset
launch_runs synth_1 -jobs 4
WARNING: [HDL 9-3756] overwriting previous definition of module 'hdmi_vga_wrapper' [C:/Users/USER/Desktop/SR/project copy/hdmi_vga_zybo_tor_dziala/hdmi_vga_zybo/hdmi_vga_zybo.srcs/sources_1/imports/hdl/hdmi_vga_wrapper.v:12]
WARNING: [filemgmt 20-736] The current top specification, "hdmi_vga_wrapper", does not uniquely identify a single design element. Using "hdmi_vga_wrapper" (Library: xil_defaultlib, File: C:/Users/USER/Desktop/SR/project copy/hdmi_vga_zybo_tor_dziala/hdmi_vga_zybo/hdmi_vga_zybo.srcs/sources_1/imports/hdl/hdmi_vga_wrapper.v).
WARNING: [filemgmt 20-1318] Duplicate Design Unit 'hdmi_vga_wrapper()' found in library 'xil_defaultlib'
Duplicate found at line 12 of file C:/Users/USER/Desktop/SR/project copy/hdmi_vga_zybo_tor_dziala/hdmi_vga_zybo/hdmi_vga_zybo.gen/sources_1/bd/hdmi_vga/hdl/hdmi_vga_wrapper.v
	(Active) Duplicate found at line 12 of file C:/Users/USER/Desktop/SR/project copy/hdmi_vga_zybo_tor_dziala/hdmi_vga_zybo/hdmi_vga_zybo.srcs/sources_1/imports/hdl/hdmi_vga_wrapper.v
[Thu May  9 00:07:02 2024] Launched synth_1...
Run output will be captured here: C:/Users/USER/Desktop/SR/project copy/hdmi_vga_zybo_tor_dziala/hdmi_vga_zybo/hdmi_vga_zybo.runs/synth_1/runme.log
exit
INFO: [Common 17-206] Exiting Vivado at Thu May  9 00:07:41 2024...
