********************************************************************************
* Unified simulation Tcl App stack trace dump
*
* File: .usf.tcl_error.log (Thu May  9 00:08:57 2024)
*
* This file is generated by the unified simulation automation and contains the
* tcl stack trace of error returned by the simulator App for the current run.
*
********************************************************************************
1
    while executing
"catch {rdi::run_program $scr_file} error_log"
    (procedure "xcs_exec_script" line 16)
    invoked from within
"xcs_exec_script $scr_file error_log"
    (procedure "usf_launch_script" line 42)
    invoked from within
"usf_launch_script "xsim" $step"
    (procedure "tclapp::xilinx::xsim::elaborate" line 13)
    invoked from within
"tclapp::xilinx::xsim::elaborate { -simset sim_1 -mode behavioral -run_dir {C:/Users/USER/Desktop/SR/project copy/hdmi_vga_zybo_tor_dziala/hdmi_vga_zyb..."
