Copyright 1986-2022 Xilinx, Inc. All Rights Reserved.
------------------------------------------------------------------------------------------------------------------------------------------
| Tool Version : Vivado v.2022.2 (win64) Build 3671981 Fri Oct 14 05:00:03 MDT 2022
| Date         : Tue Jun 11 13:52:07 2024
| Host         : DESKTOP-DM7F4MG running 64-bit major release  (build 9200)
| Command      : report_drc -file hdmi_vga_wrapper_drc_routed.rpt -pb hdmi_vga_wrapper_drc_routed.pb -rpx hdmi_vga_wrapper_drc_routed.rpx
| Design       : hdmi_vga_wrapper
| Device       : xc7z010clg400-1
| Speed File   : -1
| Design State : Fully Routed
------------------------------------------------------------------------------------------------------------------------------------------

Report DRC

Table of Contents
-----------------
1. REPORT SUMMARY
2. REPORT DETAILS

1. REPORT SUMMARY
-----------------
            Netlist: netlist
          Floorplan: design_1
      Design limits: <entire design considered>
           Ruledeck: default
             Max violations: <unlimited>
             Violations found: 40
+-----------+----------+-------------------------------------------------------------------+------------+
| Rule      | Severity | Description                                                       | Violations |
+-----------+----------+-------------------------------------------------------------------+------------+
| DPIP-1    | Warning  | Input pipelining                                                  | 8          |
| DPOP-1    | Warning  | PREG Output pipelining                                            | 3          |
| PDCN-1569 | Warning  | LUT equation term check                                           | 3          |
| RTSTAT-10 | Warning  | No routable loads                                                 | 1          |
| ZPS7-1    | Warning  | PS7 block required                                                | 1          |
| AVAL-4    | Advisory | enum_USE_DPORT_FALSE_enum_DREG_ADREG_0_connects_CED_CEAD_RSTD_GND | 12         |
| AVAL-5    | Advisory | enum_USE_MULT_NONE_enum_DREG_ADREG_0_connects_CED_CEAD_RSTD_GND   | 12         |
+-----------+----------+-------------------------------------------------------------------+------------+

2. REPORT DETAILS
-----------------
DPIP-1#1 Warning
Input pipelining  
DSP hdmi_vga_i/vp_0/inst/ms_centroid/centroid_ent/m00/moment_accum/cumm/U0/xst_addsub/xbip_addsub.i_a_b_nogrowth.not_unsigned_max_width.i_xbip_addsub/addsub_usecase.i_addsub/i_synth_option.i_synth_model/opt_vx7.i_uniwrap/i_primitive input hdmi_vga_i/vp_0/inst/ms_centroid/centroid_ent/m00/moment_accum/cumm/U0/xst_addsub/xbip_addsub.i_a_b_nogrowth.not_unsigned_max_width.i_xbip_addsub/addsub_usecase.i_addsub/i_synth_option.i_synth_model/opt_vx7.i_uniwrap/i_primitive/A[29:0] is not pipelined. Pipelining DSP48 input will improve performance.
Related violations: <none>

DPIP-1#2 Warning
Input pipelining  
DSP hdmi_vga_i/vp_0/inst/ms_centroid/centroid_ent/m00/moment_accum/cumm/U0/xst_addsub/xbip_addsub.i_a_b_nogrowth.not_unsigned_max_width.i_xbip_addsub/addsub_usecase.i_addsub/i_synth_option.i_synth_model/opt_vx7.i_uniwrap/i_primitive input hdmi_vga_i/vp_0/inst/ms_centroid/centroid_ent/m00/moment_accum/cumm/U0/xst_addsub/xbip_addsub.i_a_b_nogrowth.not_unsigned_max_width.i_xbip_addsub/addsub_usecase.i_addsub/i_synth_option.i_synth_model/opt_vx7.i_uniwrap/i_primitive/B[17:0] is not pipelined. Pipelining DSP48 input will improve performance.
Related violations: <none>

DPIP-1#3 Warning
Input pipelining  
DSP hdmi_vga_i/vp_0/inst/ms_centroid/centroid_ent/m01/moment_accum/cumm/U0/xst_addsub/xbip_addsub.i_a_b_nogrowth.not_unsigned_max_width.i_xbip_addsub/addsub_usecase.i_addsub/i_synth_option.i_synth_model/opt_vx7.i_uniwrap/i_primitive input hdmi_vga_i/vp_0/inst/ms_centroid/centroid_ent/m01/moment_accum/cumm/U0/xst_addsub/xbip_addsub.i_a_b_nogrowth.not_unsigned_max_width.i_xbip_addsub/addsub_usecase.i_addsub/i_synth_option.i_synth_model/opt_vx7.i_uniwrap/i_primitive/A[29:0] is not pipelined. Pipelining DSP48 input will improve performance.
Related violations: <none>

DPIP-1#4 Warning
Input pipelining  
DSP hdmi_vga_i/vp_0/inst/ms_centroid/centroid_ent/m01/moment_accum/cumm/U0/xst_addsub/xbip_addsub.i_a_b_nogrowth.not_unsigned_max_width.i_xbip_addsub/addsub_usecase.i_addsub/i_synth_option.i_synth_model/opt_vx7.i_uniwrap/i_primitive input hdmi_vga_i/vp_0/inst/ms_centroid/centroid_ent/m01/moment_accum/cumm/U0/xst_addsub/xbip_addsub.i_a_b_nogrowth.not_unsigned_max_width.i_xbip_addsub/addsub_usecase.i_addsub/i_synth_option.i_synth_model/opt_vx7.i_uniwrap/i_primitive/B[17:0] is not pipelined. Pipelining DSP48 input will improve performance.
Related violations: <none>

DPIP-1#5 Warning
Input pipelining  
DSP hdmi_vga_i/vp_0/inst/ms_centroid/centroid_ent/m01/moment_accum/cumm/U0/xst_addsub/xbip_addsub.i_a_b_nogrowth.not_unsigned_max_width.i_xbip_addsub/addsub_usecase.i_addsub/i_synth_option.i_synth_model/opt_vx7.i_uniwrap/i_primitive input hdmi_vga_i/vp_0/inst/ms_centroid/centroid_ent/m01/moment_accum/cumm/U0/xst_addsub/xbip_addsub.i_a_b_nogrowth.not_unsigned_max_width.i_xbip_addsub/addsub_usecase.i_addsub/i_synth_option.i_synth_model/opt_vx7.i_uniwrap/i_primitive/C[47:0] is not pipelined. Pipelining DSP48 input will improve performance.
Related violations: <none>

DPIP-1#6 Warning
Input pipelining  
DSP hdmi_vga_i/vp_0/inst/ms_centroid/centroid_ent/m10/moment_accum/cumm/U0/xst_addsub/xbip_addsub.i_a_b_nogrowth.not_unsigned_max_width.i_xbip_addsub/addsub_usecase.i_addsub/i_synth_option.i_synth_model/opt_vx7.i_uniwrap/i_primitive input hdmi_vga_i/vp_0/inst/ms_centroid/centroid_ent/m10/moment_accum/cumm/U0/xst_addsub/xbip_addsub.i_a_b_nogrowth.not_unsigned_max_width.i_xbip_addsub/addsub_usecase.i_addsub/i_synth_option.i_synth_model/opt_vx7.i_uniwrap/i_primitive/A[29:0] is not pipelined. Pipelining DSP48 input will improve performance.
Related violations: <none>

DPIP-1#7 Warning
Input pipelining  
DSP hdmi_vga_i/vp_0/inst/ms_centroid/centroid_ent/m10/moment_accum/cumm/U0/xst_addsub/xbip_addsub.i_a_b_nogrowth.not_unsigned_max_width.i_xbip_addsub/addsub_usecase.i_addsub/i_synth_option.i_synth_model/opt_vx7.i_uniwrap/i_primitive input hdmi_vga_i/vp_0/inst/ms_centroid/centroid_ent/m10/moment_accum/cumm/U0/xst_addsub/xbip_addsub.i_a_b_nogrowth.not_unsigned_max_width.i_xbip_addsub/addsub_usecase.i_addsub/i_synth_option.i_synth_model/opt_vx7.i_uniwrap/i_primitive/B[17:0] is not pipelined. Pipelining DSP48 input will improve performance.
Related violations: <none>

DPIP-1#8 Warning
Input pipelining  
DSP hdmi_vga_i/vp_0/inst/ms_centroid/centroid_ent/m10/moment_accum/cumm/U0/xst_addsub/xbip_addsub.i_a_b_nogrowth.not_unsigned_max_width.i_xbip_addsub/addsub_usecase.i_addsub/i_synth_option.i_synth_model/opt_vx7.i_uniwrap/i_primitive input hdmi_vga_i/vp_0/inst/ms_centroid/centroid_ent/m10/moment_accum/cumm/U0/xst_addsub/xbip_addsub.i_a_b_nogrowth.not_unsigned_max_width.i_xbip_addsub/addsub_usecase.i_addsub/i_synth_option.i_synth_model/opt_vx7.i_uniwrap/i_primitive/C[47:0] is not pipelined. Pipelining DSP48 input will improve performance.
Related violations: <none>

DPOP-1#1 Warning
PREG Output pipelining  
DSP hdmi_vga_i/vp_0/inst/ms_centroid/centroid_ent/m00/moment_accum/cumm/U0/xst_addsub/xbip_addsub.i_a_b_nogrowth.not_unsigned_max_width.i_xbip_addsub/addsub_usecase.i_addsub/i_synth_option.i_synth_model/opt_vx7.i_uniwrap/i_primitive output hdmi_vga_i/vp_0/inst/ms_centroid/centroid_ent/m00/moment_accum/cumm/U0/xst_addsub/xbip_addsub.i_a_b_nogrowth.not_unsigned_max_width.i_xbip_addsub/addsub_usecase.i_addsub/i_synth_option.i_synth_model/opt_vx7.i_uniwrap/i_primitive/P[47:0] is not pipelined (PREG=0). Pipelining the DSP48 output will improve performance and often saves power so it is suggested whenever possible to fully pipeline this function.  If this DSP48 function was inferred, it is suggested to describe an additional register stage after this function.  If the DSP48 was instantiated in the design, it is suggested to set the PREG attribute to 1.
Related violations: <none>

DPOP-1#2 Warning
PREG Output pipelining  
DSP hdmi_vga_i/vp_0/inst/ms_centroid/centroid_ent/m01/moment_accum/cumm/U0/xst_addsub/xbip_addsub.i_a_b_nogrowth.not_unsigned_max_width.i_xbip_addsub/addsub_usecase.i_addsub/i_synth_option.i_synth_model/opt_vx7.i_uniwrap/i_primitive output hdmi_vga_i/vp_0/inst/ms_centroid/centroid_ent/m01/moment_accum/cumm/U0/xst_addsub/xbip_addsub.i_a_b_nogrowth.not_unsigned_max_width.i_xbip_addsub/addsub_usecase.i_addsub/i_synth_option.i_synth_model/opt_vx7.i_uniwrap/i_primitive/P[47:0] is not pipelined (PREG=0). Pipelining the DSP48 output will improve performance and often saves power so it is suggested whenever possible to fully pipeline this function.  If this DSP48 function was inferred, it is suggested to describe an additional register stage after this function.  If the DSP48 was instantiated in the design, it is suggested to set the PREG attribute to 1.
Related violations: <none>

DPOP-1#3 Warning
PREG Output pipelining  
DSP hdmi_vga_i/vp_0/inst/ms_centroid/centroid_ent/m10/moment_accum/cumm/U0/xst_addsub/xbip_addsub.i_a_b_nogrowth.not_unsigned_max_width.i_xbip_addsub/addsub_usecase.i_addsub/i_synth_option.i_synth_model/opt_vx7.i_uniwrap/i_primitive output hdmi_vga_i/vp_0/inst/ms_centroid/centroid_ent/m10/moment_accum/cumm/U0/xst_addsub/xbip_addsub.i_a_b_nogrowth.not_unsigned_max_width.i_xbip_addsub/addsub_usecase.i_addsub/i_synth_option.i_synth_model/opt_vx7.i_uniwrap/i_primitive/P[47:0] is not pipelined (PREG=0). Pipelining the DSP48 output will improve performance and often saves power so it is suggested whenever possible to fully pipeline this function.  If this DSP48 function was inferred, it is suggested to describe an additional register stage after this function.  If the DSP48 was instantiated in the design, it is suggested to set the PREG attribute to 1.
Related violations: <none>

PDCN-1569#1 Warning
LUT equation term check  
Used physical LUT pin 'A2' of cell dbg_hub/inst/BSCANID.u_xsdbm_id/SWITCH_N_EXT_BSCAN.id_state[0]_i_1 (pin dbg_hub/inst/BSCANID.u_xsdbm_id/SWITCH_N_EXT_BSCAN.id_state[0]_i_1/I0) is not included in the LUT equation: 'O6=(A6+~A6)*((A3))'. If this cell is a user instantiated LUT in the design, please remove connectivity to the pin or change the equation and/or INIT string of the LUT to prevent this issue. If the cell is inferred or IP created LUT, please regenerate the IP and/or resynthesize the design to attempt to correct the issue.
Related violations: <none>

PDCN-1569#2 Warning
LUT equation term check  
Used physical LUT pin 'A4' of cell dbg_hub/inst/BSCANID.u_xsdbm_id/SWITCH_N_EXT_BSCAN.bscan_switch/temp_curid[31]_i_1 (pin dbg_hub/inst/BSCANID.u_xsdbm_id/SWITCH_N_EXT_BSCAN.bscan_switch/temp_curid[31]_i_1/I0) is not included in the LUT equation: 'O5=(A1*A2)+(A1*(~A2)*(~A3))+((~A1))'. If this cell is a user instantiated LUT in the design, please remove connectivity to the pin or change the equation and/or INIT string of the LUT to prevent this issue. If the cell is inferred or IP created LUT, please regenerate the IP and/or resynthesize the design to attempt to correct the issue.
Related violations: <none>

PDCN-1569#3 Warning
LUT equation term check  
Used physical LUT pin 'A5' of cell dbg_hub/inst/BSCANID.u_xsdbm_id/SWITCH_N_EXT_BSCAN.bscan_switch/temp_curid[31]_i_1 (pin dbg_hub/inst/BSCANID.u_xsdbm_id/SWITCH_N_EXT_BSCAN.bscan_switch/temp_curid[31]_i_1/I1) is not included in the LUT equation: 'O5=(A1*A2)+(A1*(~A2)*(~A3))+((~A1))'. If this cell is a user instantiated LUT in the design, please remove connectivity to the pin or change the equation and/or INIT string of the LUT to prevent this issue. If the cell is inferred or IP created LUT, please regenerate the IP and/or resynthesize the design to attempt to correct the issue.
Related violations: <none>

RTSTAT-10#1 Warning
No routable loads  
29 net(s) have no routable loads. The problem bus(es) and/or net(s) are dbg_hub/inst/BSCANID.u_xsdbm_id/CORE_XSDB.UUT_MASTER/U_ICON_INTERFACE/U_CMD1/ctl_reg_en_2[1],
dbg_hub/inst/BSCANID.u_xsdbm_id/CORE_XSDB.UUT_MASTER/U_ICON_INTERFACE/U_CMD6_RD/U_RD_FIFO/SUBCORE_FIFO.xsdbm_v3_0_0_rdfifo_inst/inst_fifo_gen/gconvfifo.rf/grf.rf/gntv_or_sync_fifo.gl0.rd/gr1.gr1_int.rfwft/aempty_fwft_i,
dbg_hub/inst/BSCANID.u_xsdbm_id/CORE_XSDB.UUT_MASTER/U_ICON_INTERFACE/U_CMD6_RD/U_RD_FIFO/SUBCORE_FIFO.xsdbm_v3_0_0_rdfifo_inst/inst_fifo_gen/gconvfifo.rf/grf.rf/gntv_or_sync_fifo.gl0.rd/gras.rsts/ram_empty_i,
dbg_hub/inst/BSCANID.u_xsdbm_id/CORE_XSDB.UUT_MASTER/U_ICON_INTERFACE/U_CMD6_RD/U_RD_FIFO/SUBCORE_FIFO.xsdbm_v3_0_0_rdfifo_inst/inst_fifo_gen/gconvfifo.rf/grf.rf/gntv_or_sync_fifo.gl0.wr/gwhf.whf/overflow,
dbg_hub/inst/BSCANID.u_xsdbm_id/CORE_XSDB.UUT_MASTER/U_ICON_INTERFACE/U_CMD6_RD/U_RD_FIFO/SUBCORE_FIFO.xsdbm_v3_0_0_rdfifo_inst/inst_fifo_gen/gconvfifo.rf/grf.rf/rstblk/ngwrdrst.grst.wr_rst_reg[2],
dbg_hub/inst/BSCANID.u_xsdbm_id/CORE_XSDB.UUT_MASTER/U_ICON_INTERFACE/U_CMD6_WR/U_WR_FIFO/SUBCORE_FIFO.xsdbm_v3_0_0_wrfifo_inst/inst_fifo_gen/gconvfifo.rf/grf.rf/gntv_or_sync_fifo.gl0.wr/gwas.wsts/ram_full_i,
dbg_hub/inst/BSCANID.u_xsdbm_id/CORE_XSDB.UUT_MASTER/U_ICON_INTERFACE/U_CMD6_WR/U_WR_FIFO/SUBCORE_FIFO.xsdbm_v3_0_0_wrfifo_inst/inst_fifo_gen/gconvfifo.rf/grf.rf/gntv_or_sync_fifo.gl0.wr/gwhf.whf/overflow,
dbg_hub/inst/BSCANID.u_xsdbm_id/CORE_XSDB.UUT_MASTER/U_ICON_INTERFACE/U_CMD6_WR/U_WR_FIFO/SUBCORE_FIFO.xsdbm_v3_0_0_wrfifo_inst/inst_fifo_gen/gconvfifo.rf/grf.rf/rstblk/ngwrdrst.grst.rd_rst_reg[0],
dbg_hub/inst/BSCANID.u_xsdbm_id/CORE_XSDB.UUT_MASTER/U_ICON_INTERFACE/U_CMD6_WR/U_WR_FIFO/SUBCORE_FIFO.xsdbm_v3_0_0_wrfifo_inst/inst_fifo_gen/gconvfifo.rf/grf.rf/rstblk/ngwrdrst.grst.wr_rst_reg[2],
dbg_hub/inst/BSCANID.u_xsdbm_id/CORE_XSDB.UUT_MASTER/U_ICON_INTERFACE/U_CMD7_CTL/ctl_reg[2:0],
dbg_hub/inst/BSCANID.u_xsdbm_id/CORE_XSDB.UUT_MASTER/U_ICON_INTERFACE/U_CMD7_CTL/ctl_reg_en_2[1],
dbg_hub/inst/BSCANID.u_xsdbm_id/SWITCH_N_EXT_BSCAN.bscan_inst/TMS,
dbg_hub/inst/BSCANID.u_xsdbm_id/SWITCH_N_EXT_BSCAN.bscan_switch/m_bscan_capture[0],
dbg_hub/inst/BSCANID.u_xsdbm_id/SWITCH_N_EXT_BSCAN.bscan_switch/m_bscan_drck[0],
dbg_hub/inst/BSCANID.u_xsdbm_id/SWITCH_N_EXT_BSCAN.bscan_switch/m_bscan_runtest[0]
 (the first 15 of 27 listed nets/buses).
Related violations: <none>

ZPS7-1#1 Warning
PS7 block required  
The PS7 cell must be used in this Zynq design in order to enable correct default configuration.
Related violations: <none>

AVAL-4#1 Advisory
enum_USE_DPORT_FALSE_enum_DREG_ADREG_0_connects_CED_CEAD_RSTD_GND  
hdmi_vga_i/vp_0/inst/conv/Cb_submod/add1/U0/xst_addsub/xbip_addsub.i_a_b_nogrowth.not_unsigned_max_width.i_xbip_addsub/addsub_usecase.i_addsub/i_synth_option.i_synth_model/opt_vx7.i_uniwrap/i_primitive: DSP48E1 is not using the D port (USE_DPORT = FALSE). For improved power characteristics, set DREG and ADREG to '1', tie CED, CEAD, and RSTD to logic '0'.
Related violations: <none>

AVAL-4#2 Advisory
enum_USE_DPORT_FALSE_enum_DREG_ADREG_0_connects_CED_CEAD_RSTD_GND  
hdmi_vga_i/vp_0/inst/conv/Cb_submod/add2/U0/xst_addsub/xbip_addsub.i_a_b_nogrowth.not_unsigned_max_width.i_xbip_addsub/addsub_usecase.i_addsub/i_synth_option.i_synth_model/opt_vx7.i_uniwrap/i_primitive: DSP48E1 is not using the D port (USE_DPORT = FALSE). For improved power characteristics, set DREG and ADREG to '1', tie CED, CEAD, and RSTD to logic '0'.
Related violations: <none>

AVAL-4#3 Advisory
enum_USE_DPORT_FALSE_enum_DREG_ADREG_0_connects_CED_CEAD_RSTD_GND  
hdmi_vga_i/vp_0/inst/conv/Cb_submod/add3/U0/xst_addsub/xbip_addsub.i_a_b_nogrowth.not_unsigned_max_width.i_xbip_addsub/addsub_usecase.i_addsub/i_synth_option.i_synth_model/opt_vx7.i_uniwrap/i_primitive: DSP48E1 is not using the D port (USE_DPORT = FALSE). For improved power characteristics, set DREG and ADREG to '1', tie CED, CEAD, and RSTD to logic '0'.
Related violations: <none>

AVAL-4#4 Advisory
enum_USE_DPORT_FALSE_enum_DREG_ADREG_0_connects_CED_CEAD_RSTD_GND  
hdmi_vga_i/vp_0/inst/conv/Cr_submod/add1/U0/xst_addsub/xbip_addsub.i_a_b_nogrowth.not_unsigned_max_width.i_xbip_addsub/addsub_usecase.i_addsub/i_synth_option.i_synth_model/opt_vx7.i_uniwrap/i_primitive: DSP48E1 is not using the D port (USE_DPORT = FALSE). For improved power characteristics, set DREG and ADREG to '1', tie CED, CEAD, and RSTD to logic '0'.
Related violations: <none>

AVAL-4#5 Advisory
enum_USE_DPORT_FALSE_enum_DREG_ADREG_0_connects_CED_CEAD_RSTD_GND  
hdmi_vga_i/vp_0/inst/conv/Cr_submod/add2/U0/xst_addsub/xbip_addsub.i_a_b_nogrowth.not_unsigned_max_width.i_xbip_addsub/addsub_usecase.i_addsub/i_synth_option.i_synth_model/opt_vx7.i_uniwrap/i_primitive: DSP48E1 is not using the D port (USE_DPORT = FALSE). For improved power characteristics, set DREG and ADREG to '1', tie CED, CEAD, and RSTD to logic '0'.
Related violations: <none>

AVAL-4#6 Advisory
enum_USE_DPORT_FALSE_enum_DREG_ADREG_0_connects_CED_CEAD_RSTD_GND  
hdmi_vga_i/vp_0/inst/conv/Cr_submod/add3/U0/xst_addsub/xbip_addsub.i_a_b_nogrowth.not_unsigned_max_width.i_xbip_addsub/addsub_usecase.i_addsub/i_synth_option.i_synth_model/opt_vx7.i_uniwrap/i_primitive: DSP48E1 is not using the D port (USE_DPORT = FALSE). For improved power characteristics, set DREG and ADREG to '1', tie CED, CEAD, and RSTD to logic '0'.
Related violations: <none>

AVAL-4#7 Advisory
enum_USE_DPORT_FALSE_enum_DREG_ADREG_0_connects_CED_CEAD_RSTD_GND  
hdmi_vga_i/vp_0/inst/conv/Y_submod/add1/U0/xst_addsub/xbip_addsub.i_a_b_nogrowth.not_unsigned_max_width.i_xbip_addsub/addsub_usecase.i_addsub/i_synth_option.i_synth_model/opt_vx7.i_uniwrap/i_primitive: DSP48E1 is not using the D port (USE_DPORT = FALSE). For improved power characteristics, set DREG and ADREG to '1', tie CED, CEAD, and RSTD to logic '0'.
Related violations: <none>

AVAL-4#8 Advisory
enum_USE_DPORT_FALSE_enum_DREG_ADREG_0_connects_CED_CEAD_RSTD_GND  
hdmi_vga_i/vp_0/inst/conv/Y_submod/add2/U0/xst_addsub/xbip_addsub.i_a_b_nogrowth.not_unsigned_max_width.i_xbip_addsub/addsub_usecase.i_addsub/i_synth_option.i_synth_model/opt_vx7.i_uniwrap/i_primitive: DSP48E1 is not using the D port (USE_DPORT = FALSE). For improved power characteristics, set DREG and ADREG to '1', tie CED, CEAD, and RSTD to logic '0'.
Related violations: <none>

AVAL-4#9 Advisory
enum_USE_DPORT_FALSE_enum_DREG_ADREG_0_connects_CED_CEAD_RSTD_GND  
hdmi_vga_i/vp_0/inst/conv/Y_submod/add3/U0/xst_addsub/xbip_addsub.i_a_b_nogrowth.not_unsigned_max_width.i_xbip_addsub/addsub_usecase.i_addsub/i_synth_option.i_synth_model/opt_vx7.i_uniwrap/i_primitive: DSP48E1 is not using the D port (USE_DPORT = FALSE). For improved power characteristics, set DREG and ADREG to '1', tie CED, CEAD, and RSTD to logic '0'.
Related violations: <none>

AVAL-4#10 Advisory
enum_USE_DPORT_FALSE_enum_DREG_ADREG_0_connects_CED_CEAD_RSTD_GND  
hdmi_vga_i/vp_0/inst/ms_centroid/centroid_ent/m00/moment_accum/cumm/U0/xst_addsub/xbip_addsub.i_a_b_nogrowth.not_unsigned_max_width.i_xbip_addsub/addsub_usecase.i_addsub/i_synth_option.i_synth_model/opt_vx7.i_uniwrap/i_primitive: DSP48E1 is not using the D port (USE_DPORT = FALSE). For improved power characteristics, set DREG and ADREG to '1', tie CED, CEAD, and RSTD to logic '0'.
Related violations: <none>

AVAL-4#11 Advisory
enum_USE_DPORT_FALSE_enum_DREG_ADREG_0_connects_CED_CEAD_RSTD_GND  
hdmi_vga_i/vp_0/inst/ms_centroid/centroid_ent/m01/moment_accum/cumm/U0/xst_addsub/xbip_addsub.i_a_b_nogrowth.not_unsigned_max_width.i_xbip_addsub/addsub_usecase.i_addsub/i_synth_option.i_synth_model/opt_vx7.i_uniwrap/i_primitive: DSP48E1 is not using the D port (USE_DPORT = FALSE). For improved power characteristics, set DREG and ADREG to '1', tie CED, CEAD, and RSTD to logic '0'.
Related violations: <none>

AVAL-4#12 Advisory
enum_USE_DPORT_FALSE_enum_DREG_ADREG_0_connects_CED_CEAD_RSTD_GND  
hdmi_vga_i/vp_0/inst/ms_centroid/centroid_ent/m10/moment_accum/cumm/U0/xst_addsub/xbip_addsub.i_a_b_nogrowth.not_unsigned_max_width.i_xbip_addsub/addsub_usecase.i_addsub/i_synth_option.i_synth_model/opt_vx7.i_uniwrap/i_primitive: DSP48E1 is not using the D port (USE_DPORT = FALSE). For improved power characteristics, set DREG and ADREG to '1', tie CED, CEAD, and RSTD to logic '0'.
Related violations: <none>

AVAL-5#1 Advisory
enum_USE_MULT_NONE_enum_DREG_ADREG_0_connects_CED_CEAD_RSTD_GND  
hdmi_vga_i/vp_0/inst/conv/Cb_submod/add1/U0/xst_addsub/xbip_addsub.i_a_b_nogrowth.not_unsigned_max_width.i_xbip_addsub/addsub_usecase.i_addsub/i_synth_option.i_synth_model/opt_vx7.i_uniwrap/i_primitive: DSP48E1 is not using the Multiplier (USE_MULT = NONE). For improved power characteristics, set DREG and ADREG to '1', tie CED, CEAD, and RSTD to logic '0'.
Related violations: <none>

AVAL-5#2 Advisory
enum_USE_MULT_NONE_enum_DREG_ADREG_0_connects_CED_CEAD_RSTD_GND  
hdmi_vga_i/vp_0/inst/conv/Cb_submod/add2/U0/xst_addsub/xbip_addsub.i_a_b_nogrowth.not_unsigned_max_width.i_xbip_addsub/addsub_usecase.i_addsub/i_synth_option.i_synth_model/opt_vx7.i_uniwrap/i_primitive: DSP48E1 is not using the Multiplier (USE_MULT = NONE). For improved power characteristics, set DREG and ADREG to '1', tie CED, CEAD, and RSTD to logic '0'.
Related violations: <none>

AVAL-5#3 Advisory
enum_USE_MULT_NONE_enum_DREG_ADREG_0_connects_CED_CEAD_RSTD_GND  
hdmi_vga_i/vp_0/inst/conv/Cb_submod/add3/U0/xst_addsub/xbip_addsub.i_a_b_nogrowth.not_unsigned_max_width.i_xbip_addsub/addsub_usecase.i_addsub/i_synth_option.i_synth_model/opt_vx7.i_uniwrap/i_primitive: DSP48E1 is not using the Multiplier (USE_MULT = NONE). For improved power characteristics, set DREG and ADREG to '1', tie CED, CEAD, and RSTD to logic '0'.
Related violations: <none>

AVAL-5#4 Advisory
enum_USE_MULT_NONE_enum_DREG_ADREG_0_connects_CED_CEAD_RSTD_GND  
hdmi_vga_i/vp_0/inst/conv/Cr_submod/add1/U0/xst_addsub/xbip_addsub.i_a_b_nogrowth.not_unsigned_max_width.i_xbip_addsub/addsub_usecase.i_addsub/i_synth_option.i_synth_model/opt_vx7.i_uniwrap/i_primitive: DSP48E1 is not using the Multiplier (USE_MULT = NONE). For improved power characteristics, set DREG and ADREG to '1', tie CED, CEAD, and RSTD to logic '0'.
Related violations: <none>

AVAL-5#5 Advisory
enum_USE_MULT_NONE_enum_DREG_ADREG_0_connects_CED_CEAD_RSTD_GND  
hdmi_vga_i/vp_0/inst/conv/Cr_submod/add2/U0/xst_addsub/xbip_addsub.i_a_b_nogrowth.not_unsigned_max_width.i_xbip_addsub/addsub_usecase.i_addsub/i_synth_option.i_synth_model/opt_vx7.i_uniwrap/i_primitive: DSP48E1 is not using the Multiplier (USE_MULT = NONE). For improved power characteristics, set DREG and ADREG to '1', tie CED, CEAD, and RSTD to logic '0'.
Related violations: <none>

AVAL-5#6 Advisory
enum_USE_MULT_NONE_enum_DREG_ADREG_0_connects_CED_CEAD_RSTD_GND  
hdmi_vga_i/vp_0/inst/conv/Cr_submod/add3/U0/xst_addsub/xbip_addsub.i_a_b_nogrowth.not_unsigned_max_width.i_xbip_addsub/addsub_usecase.i_addsub/i_synth_option.i_synth_model/opt_vx7.i_uniwrap/i_primitive: DSP48E1 is not using the Multiplier (USE_MULT = NONE). For improved power characteristics, set DREG and ADREG to '1', tie CED, CEAD, and RSTD to logic '0'.
Related violations: <none>

AVAL-5#7 Advisory
enum_USE_MULT_NONE_enum_DREG_ADREG_0_connects_CED_CEAD_RSTD_GND  
hdmi_vga_i/vp_0/inst/conv/Y_submod/add1/U0/xst_addsub/xbip_addsub.i_a_b_nogrowth.not_unsigned_max_width.i_xbip_addsub/addsub_usecase.i_addsub/i_synth_option.i_synth_model/opt_vx7.i_uniwrap/i_primitive: DSP48E1 is not using the Multiplier (USE_MULT = NONE). For improved power characteristics, set DREG and ADREG to '1', tie CED, CEAD, and RSTD to logic '0'.
Related violations: <none>

AVAL-5#8 Advisory
enum_USE_MULT_NONE_enum_DREG_ADREG_0_connects_CED_CEAD_RSTD_GND  
hdmi_vga_i/vp_0/inst/conv/Y_submod/add2/U0/xst_addsub/xbip_addsub.i_a_b_nogrowth.not_unsigned_max_width.i_xbip_addsub/addsub_usecase.i_addsub/i_synth_option.i_synth_model/opt_vx7.i_uniwrap/i_primitive: DSP48E1 is not using the Multiplier (USE_MULT = NONE). For improved power characteristics, set DREG and ADREG to '1', tie CED, CEAD, and RSTD to logic '0'.
Related violations: <none>

AVAL-5#9 Advisory
enum_USE_MULT_NONE_enum_DREG_ADREG_0_connects_CED_CEAD_RSTD_GND  
hdmi_vga_i/vp_0/inst/conv/Y_submod/add3/U0/xst_addsub/xbip_addsub.i_a_b_nogrowth.not_unsigned_max_width.i_xbip_addsub/addsub_usecase.i_addsub/i_synth_option.i_synth_model/opt_vx7.i_uniwrap/i_primitive: DSP48E1 is not using the Multiplier (USE_MULT = NONE). For improved power characteristics, set DREG and ADREG to '1', tie CED, CEAD, and RSTD to logic '0'.
Related violations: <none>

AVAL-5#10 Advisory
enum_USE_MULT_NONE_enum_DREG_ADREG_0_connects_CED_CEAD_RSTD_GND  
hdmi_vga_i/vp_0/inst/ms_centroid/centroid_ent/m00/moment_accum/cumm/U0/xst_addsub/xbip_addsub.i_a_b_nogrowth.not_unsigned_max_width.i_xbip_addsub/addsub_usecase.i_addsub/i_synth_option.i_synth_model/opt_vx7.i_uniwrap/i_primitive: DSP48E1 is not using the Multiplier (USE_MULT = NONE). For improved power characteristics, set DREG and ADREG to '1', tie CED, CEAD, and RSTD to logic '0'.
Related violations: <none>

AVAL-5#11 Advisory
enum_USE_MULT_NONE_enum_DREG_ADREG_0_connects_CED_CEAD_RSTD_GND  
hdmi_vga_i/vp_0/inst/ms_centroid/centroid_ent/m01/moment_accum/cumm/U0/xst_addsub/xbip_addsub.i_a_b_nogrowth.not_unsigned_max_width.i_xbip_addsub/addsub_usecase.i_addsub/i_synth_option.i_synth_model/opt_vx7.i_uniwrap/i_primitive: DSP48E1 is not using the Multiplier (USE_MULT = NONE). For improved power characteristics, set DREG and ADREG to '1', tie CED, CEAD, and RSTD to logic '0'.
Related violations: <none>

AVAL-5#12 Advisory
enum_USE_MULT_NONE_enum_DREG_ADREG_0_connects_CED_CEAD_RSTD_GND  
hdmi_vga_i/vp_0/inst/ms_centroid/centroid_ent/m10/moment_accum/cumm/U0/xst_addsub/xbip_addsub.i_a_b_nogrowth.not_unsigned_max_width.i_xbip_addsub/addsub_usecase.i_addsub/i_synth_option.i_synth_model/opt_vx7.i_uniwrap/i_primitive: DSP48E1 is not using the Multiplier (USE_MULT = NONE). For improved power characteristics, set DREG and ADREG to '1', tie CED, CEAD, and RSTD to logic '0'.
Related violations: <none>


