Copyright 1986-2022 Xilinx, Inc. All Rights Reserved.
---------------------------------------------------------------------------------------------------------------------------------------
| Tool Version : Vivado v.2022.2 (win64) Build 3671981 Fri Oct 14 05:00:03 MDT 2022
| Date         : Mon Apr 15 10:24:12 2024
| Host         : DellInspiron running 64-bit major release  (build 9200)
| Command      : report_drc -file hdmi_vga_wrapper_drc_opted.rpt -pb hdmi_vga_wrapper_drc_opted.pb -rpx hdmi_vga_wrapper_drc_opted.rpx
| Design       : hdmi_vga_wrapper
| Device       : xc7z010clg400-1
| Speed File   : -1
| Design State : Synthesized
---------------------------------------------------------------------------------------------------------------------------------------

Report DRC

Table of Contents
-----------------
1. REPORT SUMMARY
2. REPORT DETAILS

1. REPORT SUMMARY
-----------------
            Netlist: netlist
          Floorplan: design_1
      Design limits: <entire design considered>
           Ruledeck: default
             Max violations: <unlimited>
             Violations found: 31
+--------+----------+-------------------------------------------------------------------+------------+
| Rule   | Severity | Description                                                       | Violations |
+--------+----------+-------------------------------------------------------------------+------------+
| ZPS7-1 | Warning  | PS7 block required                                                | 1          |
| AVAL-4 | Advisory | enum_USE_DPORT_FALSE_enum_DREG_ADREG_0_connects_CED_CEAD_RSTD_GND | 15         |
| AVAL-5 | Advisory | enum_USE_MULT_NONE_enum_DREG_ADREG_0_connects_CED_CEAD_RSTD_GND   | 15         |
+--------+----------+-------------------------------------------------------------------+------------+

2. REPORT DETAILS
-----------------
ZPS7-1#1 Warning
PS7 block required  
The PS7 cell must be used in this Zynq design in order to enable correct default configuration.
Related violations: <none>

AVAL-4#1 Advisory
enum_USE_DPORT_FALSE_enum_DREG_ADREG_0_connects_CED_CEAD_RSTD_GND  
hdmi_vga_i/vp_0/inst/conv/Cb_submod/add1/U0/xst_addsub/xbip_addsub.i_a_b_nogrowth.not_unsigned_max_width.i_xbip_addsub/addsub_usecase.i_addsub/i_synth_option.i_synth_model/opt_vx7.i_uniwrap/i_primitive: DSP48E1 is not using the D port (USE_DPORT = FALSE). For improved power characteristics, set DREG and ADREG to '1', tie CED, CEAD, and RSTD to logic '0'.
Related violations: <none>

AVAL-4#2 Advisory
enum_USE_DPORT_FALSE_enum_DREG_ADREG_0_connects_CED_CEAD_RSTD_GND  
hdmi_vga_i/vp_0/inst/conv/Cb_submod/add2/U0/xst_addsub/xbip_addsub.i_a_b_nogrowth.not_unsigned_max_width.i_xbip_addsub/addsub_usecase.i_addsub/i_synth_option.i_synth_model/opt_vx7.i_uniwrap/i_primitive: DSP48E1 is not using the D port (USE_DPORT = FALSE). For improved power characteristics, set DREG and ADREG to '1', tie CED, CEAD, and RSTD to logic '0'.
Related violations: <none>

AVAL-4#3 Advisory
enum_USE_DPORT_FALSE_enum_DREG_ADREG_0_connects_CED_CEAD_RSTD_GND  
hdmi_vga_i/vp_0/inst/conv/Cb_submod/add3/U0/xst_addsub/xbip_addsub.i_a_b_nogrowth.not_unsigned_max_width.i_xbip_addsub/addsub_usecase.i_addsub/i_synth_option.i_synth_model/opt_vx7.i_uniwrap/i_primitive: DSP48E1 is not using the D port (USE_DPORT = FALSE). For improved power characteristics, set DREG and ADREG to '1', tie CED, CEAD, and RSTD to logic '0'.
Related violations: <none>

AVAL-4#4 Advisory
enum_USE_DPORT_FALSE_enum_DREG_ADREG_0_connects_CED_CEAD_RSTD_GND  
hdmi_vga_i/vp_0/inst/conv/Cr_submod/add1/U0/xst_addsub/xbip_addsub.i_a_b_nogrowth.not_unsigned_max_width.i_xbip_addsub/addsub_usecase.i_addsub/i_synth_option.i_synth_model/opt_vx7.i_uniwrap/i_primitive: DSP48E1 is not using the D port (USE_DPORT = FALSE). For improved power characteristics, set DREG and ADREG to '1', tie CED, CEAD, and RSTD to logic '0'.
Related violations: <none>

AVAL-4#5 Advisory
enum_USE_DPORT_FALSE_enum_DREG_ADREG_0_connects_CED_CEAD_RSTD_GND  
hdmi_vga_i/vp_0/inst/conv/Cr_submod/add2/U0/xst_addsub/xbip_addsub.i_a_b_nogrowth.not_unsigned_max_width.i_xbip_addsub/addsub_usecase.i_addsub/i_synth_option.i_synth_model/opt_vx7.i_uniwrap/i_primitive: DSP48E1 is not using the D port (USE_DPORT = FALSE). For improved power characteristics, set DREG and ADREG to '1', tie CED, CEAD, and RSTD to logic '0'.
Related violations: <none>

AVAL-4#6 Advisory
enum_USE_DPORT_FALSE_enum_DREG_ADREG_0_connects_CED_CEAD_RSTD_GND  
hdmi_vga_i/vp_0/inst/conv/Cr_submod/add3/U0/xst_addsub/xbip_addsub.i_a_b_nogrowth.not_unsigned_max_width.i_xbip_addsub/addsub_usecase.i_addsub/i_synth_option.i_synth_model/opt_vx7.i_uniwrap/i_primitive: DSP48E1 is not using the D port (USE_DPORT = FALSE). For improved power characteristics, set DREG and ADREG to '1', tie CED, CEAD, and RSTD to logic '0'.
Related violations: <none>

AVAL-4#7 Advisory
enum_USE_DPORT_FALSE_enum_DREG_ADREG_0_connects_CED_CEAD_RSTD_GND  
hdmi_vga_i/vp_0/inst/conv/Y_submod/add1/U0/xst_addsub/xbip_addsub.i_a_b_nogrowth.not_unsigned_max_width.i_xbip_addsub/addsub_usecase.i_addsub/i_synth_option.i_synth_model/opt_vx7.i_uniwrap/i_primitive: DSP48E1 is not using the D port (USE_DPORT = FALSE). For improved power characteristics, set DREG and ADREG to '1', tie CED, CEAD, and RSTD to logic '0'.
Related violations: <none>

AVAL-4#8 Advisory
enum_USE_DPORT_FALSE_enum_DREG_ADREG_0_connects_CED_CEAD_RSTD_GND  
hdmi_vga_i/vp_0/inst/conv/Y_submod/add2/U0/xst_addsub/xbip_addsub.i_a_b_nogrowth.not_unsigned_max_width.i_xbip_addsub/addsub_usecase.i_addsub/i_synth_option.i_synth_model/opt_vx7.i_uniwrap/i_primitive: DSP48E1 is not using the D port (USE_DPORT = FALSE). For improved power characteristics, set DREG and ADREG to '1', tie CED, CEAD, and RSTD to logic '0'.
Related violations: <none>

AVAL-4#9 Advisory
enum_USE_DPORT_FALSE_enum_DREG_ADREG_0_connects_CED_CEAD_RSTD_GND  
hdmi_vga_i/vp_0/inst/conv/Y_submod/add3/U0/xst_addsub/xbip_addsub.i_a_b_nogrowth.not_unsigned_max_width.i_xbip_addsub/addsub_usecase.i_addsub/i_synth_option.i_synth_model/opt_vx7.i_uniwrap/i_primitive: DSP48E1 is not using the D port (USE_DPORT = FALSE). For improved power characteristics, set DREG and ADREG to '1', tie CED, CEAD, and RSTD to logic '0'.
Related violations: <none>

AVAL-4#10 Advisory
enum_USE_DPORT_FALSE_enum_DREG_ADREG_0_connects_CED_CEAD_RSTD_GND  
hdmi_vga_i/vp_0/inst/tres/conv/Cb_submod/add1/U0/xst_addsub/xbip_addsub.i_a_b_nogrowth.not_unsigned_max_width.i_xbip_addsub/addsub_usecase.i_addsub/i_synth_option.i_synth_model/opt_vx7.i_uniwrap/i_primitive: DSP48E1 is not using the D port (USE_DPORT = FALSE). For improved power characteristics, set DREG and ADREG to '1', tie CED, CEAD, and RSTD to logic '0'.
Related violations: <none>

AVAL-4#11 Advisory
enum_USE_DPORT_FALSE_enum_DREG_ADREG_0_connects_CED_CEAD_RSTD_GND  
hdmi_vga_i/vp_0/inst/tres/conv/Cb_submod/add2/U0/xst_addsub/xbip_addsub.i_a_b_nogrowth.not_unsigned_max_width.i_xbip_addsub/addsub_usecase.i_addsub/i_synth_option.i_synth_model/opt_vx7.i_uniwrap/i_primitive: DSP48E1 is not using the D port (USE_DPORT = FALSE). For improved power characteristics, set DREG and ADREG to '1', tie CED, CEAD, and RSTD to logic '0'.
Related violations: <none>

AVAL-4#12 Advisory
enum_USE_DPORT_FALSE_enum_DREG_ADREG_0_connects_CED_CEAD_RSTD_GND  
hdmi_vga_i/vp_0/inst/tres/conv/Cb_submod/add3/U0/xst_addsub/xbip_addsub.i_a_b_nogrowth.not_unsigned_max_width.i_xbip_addsub/addsub_usecase.i_addsub/i_synth_option.i_synth_model/opt_vx7.i_uniwrap/i_primitive: DSP48E1 is not using the D port (USE_DPORT = FALSE). For improved power characteristics, set DREG and ADREG to '1', tie CED, CEAD, and RSTD to logic '0'.
Related violations: <none>

AVAL-4#13 Advisory
enum_USE_DPORT_FALSE_enum_DREG_ADREG_0_connects_CED_CEAD_RSTD_GND  
hdmi_vga_i/vp_0/inst/tres/conv/Y_submod/add1/U0/xst_addsub/xbip_addsub.i_a_b_nogrowth.not_unsigned_max_width.i_xbip_addsub/addsub_usecase.i_addsub/i_synth_option.i_synth_model/opt_vx7.i_uniwrap/i_primitive: DSP48E1 is not using the D port (USE_DPORT = FALSE). For improved power characteristics, set DREG and ADREG to '1', tie CED, CEAD, and RSTD to logic '0'.
Related violations: <none>

AVAL-4#14 Advisory
enum_USE_DPORT_FALSE_enum_DREG_ADREG_0_connects_CED_CEAD_RSTD_GND  
hdmi_vga_i/vp_0/inst/tres/conv/Y_submod/add2/U0/xst_addsub/xbip_addsub.i_a_b_nogrowth.not_unsigned_max_width.i_xbip_addsub/addsub_usecase.i_addsub/i_synth_option.i_synth_model/opt_vx7.i_uniwrap/i_primitive: DSP48E1 is not using the D port (USE_DPORT = FALSE). For improved power characteristics, set DREG and ADREG to '1', tie CED, CEAD, and RSTD to logic '0'.
Related violations: <none>

AVAL-4#15 Advisory
enum_USE_DPORT_FALSE_enum_DREG_ADREG_0_connects_CED_CEAD_RSTD_GND  
hdmi_vga_i/vp_0/inst/tres/conv/Y_submod/add3/U0/xst_addsub/xbip_addsub.i_a_b_nogrowth.not_unsigned_max_width.i_xbip_addsub/addsub_usecase.i_addsub/i_synth_option.i_synth_model/opt_vx7.i_uniwrap/i_primitive: DSP48E1 is not using the D port (USE_DPORT = FALSE). For improved power characteristics, set DREG and ADREG to '1', tie CED, CEAD, and RSTD to logic '0'.
Related violations: <none>

AVAL-5#1 Advisory
enum_USE_MULT_NONE_enum_DREG_ADREG_0_connects_CED_CEAD_RSTD_GND  
hdmi_vga_i/vp_0/inst/conv/Cb_submod/add1/U0/xst_addsub/xbip_addsub.i_a_b_nogrowth.not_unsigned_max_width.i_xbip_addsub/addsub_usecase.i_addsub/i_synth_option.i_synth_model/opt_vx7.i_uniwrap/i_primitive: DSP48E1 is not using the Multiplier (USE_MULT = NONE). For improved power characteristics, set DREG and ADREG to '1', tie CED, CEAD, and RSTD to logic '0'.
Related violations: <none>

AVAL-5#2 Advisory
enum_USE_MULT_NONE_enum_DREG_ADREG_0_connects_CED_CEAD_RSTD_GND  
hdmi_vga_i/vp_0/inst/conv/Cb_submod/add2/U0/xst_addsub/xbip_addsub.i_a_b_nogrowth.not_unsigned_max_width.i_xbip_addsub/addsub_usecase.i_addsub/i_synth_option.i_synth_model/opt_vx7.i_uniwrap/i_primitive: DSP48E1 is not using the Multiplier (USE_MULT = NONE). For improved power characteristics, set DREG and ADREG to '1', tie CED, CEAD, and RSTD to logic '0'.
Related violations: <none>

AVAL-5#3 Advisory
enum_USE_MULT_NONE_enum_DREG_ADREG_0_connects_CED_CEAD_RSTD_GND  
hdmi_vga_i/vp_0/inst/conv/Cb_submod/add3/U0/xst_addsub/xbip_addsub.i_a_b_nogrowth.not_unsigned_max_width.i_xbip_addsub/addsub_usecase.i_addsub/i_synth_option.i_synth_model/opt_vx7.i_uniwrap/i_primitive: DSP48E1 is not using the Multiplier (USE_MULT = NONE). For improved power characteristics, set DREG and ADREG to '1', tie CED, CEAD, and RSTD to logic '0'.
Related violations: <none>

AVAL-5#4 Advisory
enum_USE_MULT_NONE_enum_DREG_ADREG_0_connects_CED_CEAD_RSTD_GND  
hdmi_vga_i/vp_0/inst/conv/Cr_submod/add1/U0/xst_addsub/xbip_addsub.i_a_b_nogrowth.not_unsigned_max_width.i_xbip_addsub/addsub_usecase.i_addsub/i_synth_option.i_synth_model/opt_vx7.i_uniwrap/i_primitive: DSP48E1 is not using the Multiplier (USE_MULT = NONE). For improved power characteristics, set DREG and ADREG to '1', tie CED, CEAD, and RSTD to logic '0'.
Related violations: <none>

AVAL-5#5 Advisory
enum_USE_MULT_NONE_enum_DREG_ADREG_0_connects_CED_CEAD_RSTD_GND  
hdmi_vga_i/vp_0/inst/conv/Cr_submod/add2/U0/xst_addsub/xbip_addsub.i_a_b_nogrowth.not_unsigned_max_width.i_xbip_addsub/addsub_usecase.i_addsub/i_synth_option.i_synth_model/opt_vx7.i_uniwrap/i_primitive: DSP48E1 is not using the Multiplier (USE_MULT = NONE). For improved power characteristics, set DREG and ADREG to '1', tie CED, CEAD, and RSTD to logic '0'.
Related violations: <none>

AVAL-5#6 Advisory
enum_USE_MULT_NONE_enum_DREG_ADREG_0_connects_CED_CEAD_RSTD_GND  
hdmi_vga_i/vp_0/inst/conv/Cr_submod/add3/U0/xst_addsub/xbip_addsub.i_a_b_nogrowth.not_unsigned_max_width.i_xbip_addsub/addsub_usecase.i_addsub/i_synth_option.i_synth_model/opt_vx7.i_uniwrap/i_primitive: DSP48E1 is not using the Multiplier (USE_MULT = NONE). For improved power characteristics, set DREG and ADREG to '1', tie CED, CEAD, and RSTD to logic '0'.
Related violations: <none>

AVAL-5#7 Advisory
enum_USE_MULT_NONE_enum_DREG_ADREG_0_connects_CED_CEAD_RSTD_GND  
hdmi_vga_i/vp_0/inst/conv/Y_submod/add1/U0/xst_addsub/xbip_addsub.i_a_b_nogrowth.not_unsigned_max_width.i_xbip_addsub/addsub_usecase.i_addsub/i_synth_option.i_synth_model/opt_vx7.i_uniwrap/i_primitive: DSP48E1 is not using the Multiplier (USE_MULT = NONE). For improved power characteristics, set DREG and ADREG to '1', tie CED, CEAD, and RSTD to logic '0'.
Related violations: <none>

AVAL-5#8 Advisory
enum_USE_MULT_NONE_enum_DREG_ADREG_0_connects_CED_CEAD_RSTD_GND  
hdmi_vga_i/vp_0/inst/conv/Y_submod/add2/U0/xst_addsub/xbip_addsub.i_a_b_nogrowth.not_unsigned_max_width.i_xbip_addsub/addsub_usecase.i_addsub/i_synth_option.i_synth_model/opt_vx7.i_uniwrap/i_primitive: DSP48E1 is not using the Multiplier (USE_MULT = NONE). For improved power characteristics, set DREG and ADREG to '1', tie CED, CEAD, and RSTD to logic '0'.
Related violations: <none>

AVAL-5#9 Advisory
enum_USE_MULT_NONE_enum_DREG_ADREG_0_connects_CED_CEAD_RSTD_GND  
hdmi_vga_i/vp_0/inst/conv/Y_submod/add3/U0/xst_addsub/xbip_addsub.i_a_b_nogrowth.not_unsigned_max_width.i_xbip_addsub/addsub_usecase.i_addsub/i_synth_option.i_synth_model/opt_vx7.i_uniwrap/i_primitive: DSP48E1 is not using the Multiplier (USE_MULT = NONE). For improved power characteristics, set DREG and ADREG to '1', tie CED, CEAD, and RSTD to logic '0'.
Related violations: <none>

AVAL-5#10 Advisory
enum_USE_MULT_NONE_enum_DREG_ADREG_0_connects_CED_CEAD_RSTD_GND  
hdmi_vga_i/vp_0/inst/tres/conv/Cb_submod/add1/U0/xst_addsub/xbip_addsub.i_a_b_nogrowth.not_unsigned_max_width.i_xbip_addsub/addsub_usecase.i_addsub/i_synth_option.i_synth_model/opt_vx7.i_uniwrap/i_primitive: DSP48E1 is not using the Multiplier (USE_MULT = NONE). For improved power characteristics, set DREG and ADREG to '1', tie CED, CEAD, and RSTD to logic '0'.
Related violations: <none>

AVAL-5#11 Advisory
enum_USE_MULT_NONE_enum_DREG_ADREG_0_connects_CED_CEAD_RSTD_GND  
hdmi_vga_i/vp_0/inst/tres/conv/Cb_submod/add2/U0/xst_addsub/xbip_addsub.i_a_b_nogrowth.not_unsigned_max_width.i_xbip_addsub/addsub_usecase.i_addsub/i_synth_option.i_synth_model/opt_vx7.i_uniwrap/i_primitive: DSP48E1 is not using the Multiplier (USE_MULT = NONE). For improved power characteristics, set DREG and ADREG to '1', tie CED, CEAD, and RSTD to logic '0'.
Related violations: <none>

AVAL-5#12 Advisory
enum_USE_MULT_NONE_enum_DREG_ADREG_0_connects_CED_CEAD_RSTD_GND  
hdmi_vga_i/vp_0/inst/tres/conv/Cb_submod/add3/U0/xst_addsub/xbip_addsub.i_a_b_nogrowth.not_unsigned_max_width.i_xbip_addsub/addsub_usecase.i_addsub/i_synth_option.i_synth_model/opt_vx7.i_uniwrap/i_primitive: DSP48E1 is not using the Multiplier (USE_MULT = NONE). For improved power characteristics, set DREG and ADREG to '1', tie CED, CEAD, and RSTD to logic '0'.
Related violations: <none>

AVAL-5#13 Advisory
enum_USE_MULT_NONE_enum_DREG_ADREG_0_connects_CED_CEAD_RSTD_GND  
hdmi_vga_i/vp_0/inst/tres/conv/Y_submod/add1/U0/xst_addsub/xbip_addsub.i_a_b_nogrowth.not_unsigned_max_width.i_xbip_addsub/addsub_usecase.i_addsub/i_synth_option.i_synth_model/opt_vx7.i_uniwrap/i_primitive: DSP48E1 is not using the Multiplier (USE_MULT = NONE). For improved power characteristics, set DREG and ADREG to '1', tie CED, CEAD, and RSTD to logic '0'.
Related violations: <none>

AVAL-5#14 Advisory
enum_USE_MULT_NONE_enum_DREG_ADREG_0_connects_CED_CEAD_RSTD_GND  
hdmi_vga_i/vp_0/inst/tres/conv/Y_submod/add2/U0/xst_addsub/xbip_addsub.i_a_b_nogrowth.not_unsigned_max_width.i_xbip_addsub/addsub_usecase.i_addsub/i_synth_option.i_synth_model/opt_vx7.i_uniwrap/i_primitive: DSP48E1 is not using the Multiplier (USE_MULT = NONE). For improved power characteristics, set DREG and ADREG to '1', tie CED, CEAD, and RSTD to logic '0'.
Related violations: <none>

AVAL-5#15 Advisory
enum_USE_MULT_NONE_enum_DREG_ADREG_0_connects_CED_CEAD_RSTD_GND  
hdmi_vga_i/vp_0/inst/tres/conv/Y_submod/add3/U0/xst_addsub/xbip_addsub.i_a_b_nogrowth.not_unsigned_max_width.i_xbip_addsub/addsub_usecase.i_addsub/i_synth_option.i_synth_model/opt_vx7.i_uniwrap/i_primitive: DSP48E1 is not using the Multiplier (USE_MULT = NONE). For improved power characteristics, set DREG and ADREG to '1', tie CED, CEAD, and RSTD to logic '0'.
Related violations: <none>


